2023-11-29 21:20:41,148 [INFO] Activator:177 - 


2023-11-29 21:20:41,149 [INFO] Activator:178 - !SESSION log4j initialized
2023-11-29 21:20:47,656 [INFO] McuFinderGlobals:39 - Set McuFinder mode to 2 (CubeIDE integrated)
2023-11-29 21:20:47,727 [INFO] ApplicationProperties:181 - Using Application install path: E:\STM32\STM32CubeIDE_1.7.0\STM32CubeIDE\plugins\com.st.stm32cube.common.mx_6.3.0.202107141111
2023-11-29 21:20:47,733 [INFO] DbMcusXml:74 - Set database path to: E:\STM32\STM32CubeIDE_1.7.0\STM32CubeIDE\plugins\com.st.stm32cube.common.mx_6.3.0.202107141111\\db\/mcu/
2023-11-29 21:20:47,735 [INFO] DbBoardsPdsc:56 - Set plugin database path to: E:\STM32\STM32CubeIDE_1.7.0\STM32CubeIDE\plugins\com.st.stm32cube.common.mx_6.3.0.202107141111\\db\/plugins/boardmanager/
2023-11-29 21:20:47,741 [INFO] DbMcus:258 - Set plugin images path to: E:\STM32\STM32CubeIDE_1.7.0\STM32CubeIDE\plugins\com.st.stm32cube.common.mx_6.3.0.202107141111\\db\/plugins/mcufinder/images/
2023-11-29 21:20:47,741 [INFO] DbBoards:264 - Set plugin images path to: E:\STM32\STM32CubeIDE_1.7.0\STM32CubeIDE\plugins\com.st.stm32cube.common.mx_6.3.0.202107141111\\db\/plugins/mcufinder/images/
2023-11-29 21:20:47,743 [INFO] DbExamples:333 - Set plugin images path to: E:\STM32\STM32CubeIDE_1.7.0\STM32CubeIDE\plugins\com.st.stm32cube.common.mx_6.3.0.202107141111\\db\/plugins/mcufinder/images/
2023-11-29 21:20:47,745 [INFO] DbMcusAds:119 - Set database path to: C:\Users\DELL\.stmcufinder\plugins\mcufinder//mcu/
2023-11-29 21:20:47,745 [INFO] DbMcusDocs:110 - Set database path to: C:\Users\DELL\.stmcufinder\plugins\mcufinder//mcu/
2023-11-29 21:20:47,747 [INFO] DbMcusJson:64 - Set database path to: C:\Users\DELL\.stmcufinder\plugins\mcufinder//mcu/
2023-11-29 21:20:47,747 [INFO] DbBoardsDocs:110 - Set database path to: C:\Users\DELL\.stmcufinder\plugins\mcufinder//mcu/
2023-11-29 21:20:47,748 [INFO] DbBoardsJson:57 - Set database path to: C:\Users\DELL\.stmcufinder\plugins\mcufinder//mcu/
2023-11-29 21:20:47,749 [INFO] CrossReferenceDbSqlite:196 - Set database path to: C:\Users\DELL\.stmcufinder\plugins\mcufinder//mcu/cs/
2023-11-29 21:20:47,751 [INFO] DbExamplesSqlite:767 - Set database path to: C:\Users\DELL\.stmcufinder\plugins\mcufinder//mcu/
2023-11-29 21:20:47,808 [INFO] RulesReader:57 - Compatibility file has been processed (242 Rules)
2023-11-29 21:20:47,863 [INFO] DbMcusXml:74 - Set database path to: E:\STM32\STM32CubeIDE_1.7.0\STM32CubeIDE\plugins\com.st.stm32cube.common.mx_6.3.0.202107141111\\db\/mcu/
2023-11-29 21:20:47,864 [INFO] DbBoardsPdsc:56 - Set plugin database path to: E:\STM32\STM32CubeIDE_1.7.0\STM32CubeIDE\plugins\com.st.stm32cube.common.mx_6.3.0.202107141111\\db\/plugins/boardmanager/
2023-11-29 21:20:47,864 [INFO] DbMcus:258 - Set plugin images path to: E:\STM32\STM32CubeIDE_1.7.0\STM32CubeIDE\plugins\com.st.stm32cube.common.mx_6.3.0.202107141111\\db\/plugins/mcufinder/images/
2023-11-29 21:20:47,864 [INFO] DbBoards:264 - Set plugin images path to: E:\STM32\STM32CubeIDE_1.7.0\STM32CubeIDE\plugins\com.st.stm32cube.common.mx_6.3.0.202107141111\\db\/plugins/mcufinder/images/
2023-11-29 21:20:47,864 [INFO] DbExamples:333 - Set plugin images path to: E:\STM32\STM32CubeIDE_1.7.0\STM32CubeIDE\plugins\com.st.stm32cube.common.mx_6.3.0.202107141111\\db\/plugins/mcufinder/images/
2023-11-29 21:20:47,864 [WARN] DbFile:35 - Overriding database path with different value: C:\Users\DELL\.stmcufinder\plugins\mcufinder/ => C:\Users\DELL\.stmcufinder\plugins\mcufinder
2023-11-29 21:20:47,865 [INFO] DbMcusAds:119 - Set database path to: C:\Users\DELL\.stmcufinder\plugins\mcufinder//mcu/
2023-11-29 21:20:47,865 [WARN] DbFile:35 - Overriding database path with different value: C:\Users\DELL\.stmcufinder\plugins\mcufinder/ => C:\Users\DELL\.stmcufinder\plugins\mcufinder
2023-11-29 21:20:47,865 [INFO] DbMcusDocs:110 - Set database path to: C:\Users\DELL\.stmcufinder\plugins\mcufinder//mcu/
2023-11-29 21:20:47,865 [WARN] DbFile:35 - Overriding database path with different value: C:\Users\DELL\.stmcufinder\plugins\mcufinder/ => C:\Users\DELL\.stmcufinder\plugins\mcufinder
2023-11-29 21:20:47,865 [INFO] DbMcusJson:64 - Set database path to: C:\Users\DELL\.stmcufinder\plugins\mcufinder//mcu/
2023-11-29 21:20:47,865 [WARN] DbFile:35 - Overriding database path with different value: C:\Users\DELL\.stmcufinder\plugins\mcufinder/ => C:\Users\DELL\.stmcufinder\plugins\mcufinder
2023-11-29 21:20:47,865 [INFO] DbBoardsDocs:110 - Set database path to: C:\Users\DELL\.stmcufinder\plugins\mcufinder//mcu/
2023-11-29 21:20:47,865 [WARN] DbFile:35 - Overriding database path with different value: C:\Users\DELL\.stmcufinder\plugins\mcufinder/ => C:\Users\DELL\.stmcufinder\plugins\mcufinder
2023-11-29 21:20:47,865 [INFO] DbBoardsJson:57 - Set database path to: C:\Users\DELL\.stmcufinder\plugins\mcufinder//mcu/
2023-11-29 21:20:47,865 [WARN] DbFile:35 - Overriding database path with different value: C:\Users\DELL\.stmcufinder\plugins\mcufinder/ => C:\Users\DELL\.stmcufinder\plugins\mcufinder
2023-11-29 21:20:47,865 [WARN] DbFile:35 - Overriding database path with different value: C:\Users\DELL\.stmcufinder\plugins\mcufinder/ => C:\Users\DELL\.stmcufinder\plugins\mcufinder
2023-11-29 21:20:47,865 [INFO] CrossReferenceDbSqlite:196 - Set database path to: C:\Users\DELL\.stmcufinder\plugins\mcufinder//mcu/cs/
2023-11-29 21:20:47,865 [WARN] DbFile:35 - Overriding database path with different value: C:\Users\DELL\.stmcufinder\plugins\mcufinder/ => C:\Users\DELL\.stmcufinder\plugins\mcufinder
2023-11-29 21:20:47,865 [INFO] DbExamplesSqlite:767 - Set database path to: C:\Users\DELL\.stmcufinder\plugins\mcufinder//mcu/
2023-11-29 21:20:47,904 [INFO] MainPanel:214 - HeapMemory: 268435456
2023-11-29 21:20:47,947 [INFO] DbMcusXml:74 - Set database path to: E:\STM32\STM32CubeIDE_1.7.0\STM32CubeIDE\plugins\com.st.stm32cube.common.mx_6.3.0.202107141111\\db\/mcu/
2023-11-29 21:20:47,948 [INFO] DbBoardsPdsc:56 - Set plugin database path to: E:\STM32\STM32CubeIDE_1.7.0\STM32CubeIDE\plugins\com.st.stm32cube.common.mx_6.3.0.202107141111\\db\/plugins/boardmanager/
2023-11-29 21:20:47,948 [INFO] DbMcus:258 - Set plugin images path to: E:\STM32\STM32CubeIDE_1.7.0\STM32CubeIDE\plugins\com.st.stm32cube.common.mx_6.3.0.202107141111\\db\/plugins/mcufinder/images/
2023-11-29 21:20:47,948 [INFO] DbBoards:264 - Set plugin images path to: E:\STM32\STM32CubeIDE_1.7.0\STM32CubeIDE\plugins\com.st.stm32cube.common.mx_6.3.0.202107141111\\db\/plugins/mcufinder/images/
2023-11-29 21:20:47,948 [INFO] DbExamples:333 - Set plugin images path to: E:\STM32\STM32CubeIDE_1.7.0\STM32CubeIDE\plugins\com.st.stm32cube.common.mx_6.3.0.202107141111\\db\/plugins/mcufinder/images/
2023-11-29 21:20:47,948 [WARN] DbFile:35 - Overriding database path with different value: C:\Users\DELL\.stmcufinder\plugins\mcufinder/ => C:\Users\DELL\.stmcufinder\plugins\mcufinder
2023-11-29 21:20:47,948 [INFO] DbMcusAds:119 - Set database path to: C:\Users\DELL\.stmcufinder\plugins\mcufinder//mcu/
2023-11-29 21:20:47,948 [WARN] DbFile:35 - Overriding database path with different value: C:\Users\DELL\.stmcufinder\plugins\mcufinder/ => C:\Users\DELL\.stmcufinder\plugins\mcufinder
2023-11-29 21:20:47,948 [INFO] DbMcusDocs:110 - Set database path to: C:\Users\DELL\.stmcufinder\plugins\mcufinder//mcu/
2023-11-29 21:20:47,948 [WARN] DbFile:35 - Overriding database path with different value: C:\Users\DELL\.stmcufinder\plugins\mcufinder/ => C:\Users\DELL\.stmcufinder\plugins\mcufinder
2023-11-29 21:20:47,948 [INFO] DbMcusJson:64 - Set database path to: C:\Users\DELL\.stmcufinder\plugins\mcufinder//mcu/
2023-11-29 21:20:47,948 [WARN] DbFile:35 - Overriding database path with different value: C:\Users\DELL\.stmcufinder\plugins\mcufinder/ => C:\Users\DELL\.stmcufinder\plugins\mcufinder
2023-11-29 21:20:47,948 [INFO] DbBoardsDocs:110 - Set database path to: C:\Users\DELL\.stmcufinder\plugins\mcufinder//mcu/
2023-11-29 21:20:47,949 [WARN] DbFile:35 - Overriding database path with different value: C:\Users\DELL\.stmcufinder\plugins\mcufinder/ => C:\Users\DELL\.stmcufinder\plugins\mcufinder
2023-11-29 21:20:47,949 [INFO] DbBoardsJson:57 - Set database path to: C:\Users\DELL\.stmcufinder\plugins\mcufinder//mcu/
2023-11-29 21:20:47,949 [WARN] DbFile:35 - Overriding database path with different value: C:\Users\DELL\.stmcufinder\plugins\mcufinder/ => C:\Users\DELL\.stmcufinder\plugins\mcufinder
2023-11-29 21:20:47,949 [WARN] DbFile:35 - Overriding database path with different value: C:\Users\DELL\.stmcufinder\plugins\mcufinder/ => C:\Users\DELL\.stmcufinder\plugins\mcufinder
2023-11-29 21:20:47,949 [INFO] CrossReferenceDbSqlite:196 - Set database path to: C:\Users\DELL\.stmcufinder\plugins\mcufinder//mcu/cs/
2023-11-29 21:20:47,949 [WARN] DbFile:35 - Overriding database path with different value: C:\Users\DELL\.stmcufinder\plugins\mcufinder/ => C:\Users\DELL\.stmcufinder\plugins\mcufinder
2023-11-29 21:20:47,949 [INFO] DbExamplesSqlite:767 - Set database path to: C:\Users\DELL\.stmcufinder\plugins\mcufinder//mcu/
2023-11-29 21:20:47,961 [INFO] ApplicationProperties:181 - Using Application install path: E:\STM32\STM32CubeIDE_1.7.0\STM32CubeIDE\plugins\com.st.stm32cube.common.mx_6.3.0.202107141111
2023-11-29 21:20:47,962 [INFO] PluginManage:188 - Search for loadable plugins [exclusion list=, ]
2023-11-29 21:20:47,962 [INFO] PluginManage:302 - Check plugin analytics
2023-11-29 21:20:48,049 [INFO] AnalyticsPlugin:257 - Accepted Software Licenses: 
2023-11-29 21:20:48,049 [INFO] AnalyticsPlugin:259 - Accepted CMSIS Pack Licenses: 
2023-11-29 21:20:48,049 [INFO] AnalyticsPlugin:261 - Accepted Firmware Licenses: 
2023-11-29 21:20:48,049 [INFO] PluginManage:352 - Loaded plugin analytics (category:tool,tabindex:-1)
2023-11-29 21:20:48,049 [INFO] PluginManage:302 - Check plugin clock
2023-11-29 21:20:48,058 [INFO] PluginManage:352 - Loaded plugin clock (category:base,tabindex:2)
2023-11-29 21:20:48,058 [INFO] PluginManage:302 - Check plugin ddr
2023-11-29 21:20:48,059 [INFO] PluginManage:352 - Loaded plugin ddr (category:tool,tabindex:6)
2023-11-29 21:20:48,059 [INFO] PluginManage:302 - Check plugin filemanager
2023-11-29 21:20:48,147 [INFO] PluginManage:352 - Loaded plugin filemanager (category:base,tabindex:10)
2023-11-29 21:20:48,147 [INFO] PluginManage:302 - Check plugin ipmanager
2023-11-29 21:20:48,154 [INFO] PluginManage:352 - Loaded plugin ipmanager (category:base,tabindex:5)
2023-11-29 21:20:48,154 [INFO] PluginManage:302 - Check plugin pinoutandconfiguration
2023-11-29 21:20:48,161 [INFO] PluginManage:352 - Loaded plugin pinoutandconfiguration (category:base,tabindex:1)
2023-11-29 21:20:48,161 [INFO] PluginManage:302 - Check plugin pinoutconfig
2023-11-29 21:20:48,180 [INFO] PluginManage:352 - Loaded plugin pinoutconfig (category:base,tabindex:0)
2023-11-29 21:20:48,180 [INFO] PluginManage:302 - Check plugin power
2023-11-29 21:20:48,186 [INFO] PluginManage:352 - Loaded plugin power (category:power,tabindex:4)
2023-11-29 21:20:48,186 [INFO] PluginManage:302 - Check plugin projectmanager
2023-11-29 21:20:48,200 [INFO] PluginManage:352 - Loaded plugin projectmanager (category:projectmanager,tabindex:3)
2023-11-29 21:20:48,200 [INFO] PluginManage:302 - Check plugin thirdparty
2023-11-29 21:20:48,270 [INFO] PluginManage:352 - Loaded plugin thirdparty (category:base,tabindex:-1)
2023-11-29 21:20:48,270 [INFO] PluginManage:302 - Check plugin tools
2023-11-29 21:20:48,270 [WARN] IntegrityCheckThread:78 - waiting for thirdparty lock release [integrity check]
2023-11-29 21:20:48,272 [INFO] IntegrityCheckThread:80 - entering critical section [integrity check]
2023-11-29 21:20:48,272 [INFO] ThirdPartyUpdaterWithRetryManager:66 - Updater plugin not ready yet. [1/15]
2023-11-29 21:20:48,273 [INFO] PluginManage:352 - Loaded plugin tools (category:base,tabindex:7)
2023-11-29 21:20:48,273 [INFO] PluginManage:302 - Check plugin tutovideos
2023-11-29 21:20:48,394 [INFO] PluginManage:352 - Loaded plugin tutovideos (category:base,tabindex:-1)
2023-11-29 21:20:48,395 [INFO] PluginManage:302 - Check plugin updater
2023-11-29 21:20:48,426 [INFO] PluginManage:352 - Loaded plugin updater (category:base,tabindex:12)
2023-11-29 21:20:48,426 [INFO] PluginManage:275 - PluginManage : Loaded plugins [13]
2023-11-29 21:20:48,555 [INFO] PinOutPanel:1463 - setPackage(No Configuration,No Configuration)
2023-11-29 21:20:48,618 [INFO] IPUIPlugin:74 - create IPUIPlugin
2023-11-29 21:20:48,618 [INFO] PluginManager:213 - loadIPPluginJar : add adc
2023-11-29 21:20:48,620 [INFO] IPUIPlugin:74 - create IPUIPlugin
2023-11-29 21:20:48,620 [INFO] PluginManager:213 - loadIPPluginJar : add aes
2023-11-29 21:20:48,622 [INFO] IPUIPlugin:74 - create IPUIPlugin
2023-11-29 21:20:48,622 [INFO] PluginManager:213 - loadIPPluginJar : add can
2023-11-29 21:20:48,622 [INFO] IPUIPlugin:74 - create IPUIPlugin
2023-11-29 21:20:48,623 [INFO] PluginManager:213 - loadIPPluginJar : add comp
2023-11-29 21:20:48,624 [INFO] IPUIPlugin:74 - create IPUIPlugin
2023-11-29 21:20:48,624 [INFO] PluginManager:213 - loadIPPluginJar : add cryp
2023-11-29 21:20:48,626 [INFO] IPUIPlugin:74 - create IPUIPlugin
2023-11-29 21:20:48,626 [INFO] PluginManager:213 - loadIPPluginJar : add dfsdm
2023-11-29 21:20:48,629 [INFO] IPUIPlugin:74 - create IPUIPlugin
2023-11-29 21:20:48,630 [INFO] PluginManager:213 - loadIPPluginJar : add dma
2023-11-29 21:20:48,631 [INFO] IPUIPlugin:74 - create IPUIPlugin
2023-11-29 21:20:48,631 [INFO] PluginManager:213 - loadIPPluginJar : add dma3
2023-11-29 21:20:48,632 [INFO] IPUIPlugin:74 - create IPUIPlugin
2023-11-29 21:20:48,632 [INFO] PluginManager:213 - loadIPPluginJar : add fatfs
2023-11-29 21:20:48,634 [INFO] IPUIPlugin:74 - create IPUIPlugin
2023-11-29 21:20:48,634 [INFO] PluginManager:213 - loadIPPluginJar : add fmc
2023-11-29 21:20:48,639 [INFO] IPUIPlugin:74 - create IPUIPlugin
2023-11-29 21:20:48,640 [INFO] PluginManager:213 - loadIPPluginJar : add freertos
2023-11-29 21:20:48,641 [INFO] IPUIPlugin:74 - create IPUIPlugin
2023-11-29 21:20:48,641 [INFO] PluginManager:213 - loadIPPluginJar : add genericplugin
2023-11-29 21:20:48,642 [INFO] IPUIPlugin:74 - create IPUIPlugin
2023-11-29 21:20:48,642 [INFO] PluginManager:213 - loadIPPluginJar : add gfxmmu
2023-11-29 21:20:48,645 [INFO] IPUIPlugin:74 - create IPUIPlugin
2023-11-29 21:20:48,646 [INFO] PluginManager:213 - loadIPPluginJar : add gic
2023-11-29 21:20:48,648 [INFO] IPUIPlugin:74 - create IPUIPlugin
2023-11-29 21:20:48,648 [INFO] PluginManager:213 - loadIPPluginJar : add gpio
2023-11-29 21:20:48,649 [INFO] IPUIPlugin:74 - create IPUIPlugin
2023-11-29 21:20:48,649 [INFO] PluginManager:213 - loadIPPluginJar : add gtzc
2023-11-29 21:20:48,651 [INFO] IPUIPlugin:74 - create IPUIPlugin
2023-11-29 21:20:48,652 [INFO] PluginManager:213 - loadIPPluginJar : add hash
2023-11-29 21:20:48,654 [INFO] IPUIPlugin:74 - create IPUIPlugin
2023-11-29 21:20:48,654 [INFO] PluginManager:213 - loadIPPluginJar : add i2c
2023-11-29 21:20:48,656 [INFO] IPUIPlugin:74 - create IPUIPlugin
2023-11-29 21:20:48,659 [INFO] PluginManager:213 - loadIPPluginJar : add i2s
2023-11-29 21:20:48,661 [INFO] IPUIPlugin:74 - create IPUIPlugin
2023-11-29 21:20:48,661 [INFO] PluginManager:213 - loadIPPluginJar : add ipddr
2023-11-29 21:20:48,667 [INFO] IPUIPlugin:74 - create IPUIPlugin
2023-11-29 21:20:48,667 [INFO] PluginManager:213 - loadIPPluginJar : add linkedlist
2023-11-29 21:20:48,669 [INFO] IPUIPlugin:74 - create IPUIPlugin
2023-11-29 21:20:48,669 [INFO] PluginManager:213 - loadIPPluginJar : add lorawan
2023-11-29 21:20:48,670 [INFO] IPUIPlugin:74 - create IPUIPlugin
2023-11-29 21:20:48,670 [INFO] PluginManager:213 - loadIPPluginJar : add ltdc
2023-11-29 21:20:48,672 [INFO] IPUIPlugin:74 - create IPUIPlugin
2023-11-29 21:20:48,673 [INFO] PluginManager:213 - loadIPPluginJar : add mdma
2023-11-29 21:20:48,675 [INFO] IPUIPlugin:74 - create IPUIPlugin
2023-11-29 21:20:48,675 [INFO] PluginManager:213 - loadIPPluginJar : add nvic
2023-11-29 21:20:48,677 [INFO] IPUIPlugin:74 - create IPUIPlugin
2023-11-29 21:20:48,677 [INFO] PluginManager:213 - loadIPPluginJar : add opamp
2023-11-29 21:20:48,679 [INFO] IPUIPlugin:74 - create IPUIPlugin
2023-11-29 21:20:48,679 [INFO] PluginManager:213 - loadIPPluginJar : add openamp
2023-11-29 21:20:48,681 [INFO] IPUIPlugin:74 - create IPUIPlugin
2023-11-29 21:20:48,681 [INFO] PluginManager:213 - loadIPPluginJar : add pdm2pcm
2023-11-29 21:20:48,686 [INFO] IPUIPlugin:74 - create IPUIPlugin
2023-11-29 21:20:48,689 [INFO] PluginManager:213 - loadIPPluginJar : add plateformsettings
2023-11-29 21:20:48,690 [INFO] IPUIPlugin:74 - create IPUIPlugin
2023-11-29 21:20:48,690 [INFO] PluginManager:213 - loadIPPluginJar : add quadspi
2023-11-29 21:20:48,692 [INFO] IPUIPlugin:74 - create IPUIPlugin
2023-11-29 21:20:48,693 [INFO] PluginManager:213 - loadIPPluginJar : add resmgrutility
2023-11-29 21:20:48,694 [INFO] IPUIPlugin:74 - create IPUIPlugin
2023-11-29 21:20:48,695 [INFO] PluginManager:213 - loadIPPluginJar : add sai
2023-11-29 21:20:48,696 [INFO] IPUIPlugin:74 - create IPUIPlugin
2023-11-29 21:20:48,696 [INFO] PluginManager:213 - loadIPPluginJar : add spi
2023-11-29 21:20:48,698 [INFO] IPUIPlugin:74 - create IPUIPlugin
2023-11-29 21:20:48,699 [INFO] PluginManager:213 - loadIPPluginJar : add stm32_wpan
2023-11-29 21:20:48,699 [INFO] IPUIPlugin:74 - create IPUIPlugin
2023-11-29 21:20:48,699 [INFO] PluginManager:213 - loadIPPluginJar : add tim
2023-11-29 21:20:48,702 [INFO] IPUIPlugin:74 - create IPUIPlugin
2023-11-29 21:20:48,702 [INFO] PluginManager:213 - loadIPPluginJar : add touchsensing
2023-11-29 21:20:48,704 [INFO] IPUIPlugin:74 - create IPUIPlugin
2023-11-29 21:20:48,704 [INFO] PluginManager:213 - loadIPPluginJar : add tracer_emb
2023-11-29 21:20:48,705 [INFO] IPUIPlugin:74 - create IPUIPlugin
2023-11-29 21:20:48,705 [INFO] PluginManager:213 - loadIPPluginJar : add ts
2023-11-29 21:20:48,706 [INFO] IPUIPlugin:74 - create IPUIPlugin
2023-11-29 21:20:48,706 [INFO] PluginManager:213 - loadIPPluginJar : add tsc
2023-11-29 21:20:48,707 [INFO] IPUIPlugin:74 - create IPUIPlugin
2023-11-29 21:20:48,708 [INFO] PluginManager:213 - loadIPPluginJar : add ucpd
2023-11-29 21:20:48,709 [INFO] IPUIPlugin:74 - create IPUIPlugin
2023-11-29 21:20:48,709 [INFO] PluginManager:213 - loadIPPluginJar : add usart
2023-11-29 21:20:48,711 [INFO] IPUIPlugin:74 - create IPUIPlugin
2023-11-29 21:20:48,711 [INFO] PluginManager:213 - loadIPPluginJar : add usbx
2023-11-29 21:20:48,966 [FATAL] Updater:294 - Updater called before beeing initialized
2023-11-29 21:20:49,036 [FATAL] Updater:294 - Updater called before beeing initialized
2023-11-29 21:20:49,041 [INFO] DbMcusAds:47 - JSON generation date=Wed Nov 29 17:52:27 ICT 2023 (1701255147349)
2023-11-29 21:20:49,041 [FATAL] Updater:294 - Updater called before beeing initialized
2023-11-29 21:20:49,068 [WARN] DetailPanel:314 - Failed to get advertising image, set to default
2023-11-29 21:20:49,144 [FATAL] Updater:294 - Updater called before beeing initialized
2023-11-29 21:20:49,146 [FATAL] Updater:294 - Updater called before beeing initialized
2023-11-29 21:20:49,146 [FATAL] Updater:294 - Updater called before beeing initialized
2023-11-29 21:20:49,146 [WARN] DetailPanel:314 - Failed to get advertising image, set to default
2023-11-29 21:20:49,147 [FATAL] Updater:294 - Updater called before beeing initialized
2023-11-29 21:20:49,181 [ERROR] Updater:1075 - MainUpdater not yet initialized. External WinMGr cannot be set.
2023-11-29 21:20:49,182 [INFO] Updater:1012 - Updater Version found : 6.3.0
2023-11-29 21:20:49,195 [INFO] ApplicationProperties:181 - Using Application install path: E:\STM32\STM32CubeIDE_1.7.0\STM32CubeIDE\plugins\com.st.stm32cube.common.mx_6.3.0.202107141111
2023-11-29 21:20:49,487 [INFO] MainUpdater:2671 - connection check result : 10
2023-11-29 21:20:49,487 [INFO] MainUpdater:265 - Updater Check For Update Now.
2023-11-29 21:20:49,487 [INFO] MicroXplorer:478 - Change Database Version : DB.6.0.30
2023-11-29 21:20:49,636 [INFO] CheckServerUpdateThread:112 - End of CheckServer Thread
2023-11-29 21:20:49,710 [INFO] MainUpdater:2671 - connection check result : 10
2023-11-29 21:20:49,913 [INFO] McuFinderGlobals:52 - Set McuFinderConnectedMode to false
2023-11-29 21:20:49,993 [INFO] CrossSelectorPresenter:1330 - Cross Selector saved comparison directory: C:\Users\DELL\.stmcufinder\plugins\mcufinder\mcu\cs_comparisons_mx
2023-11-29 21:20:49,996 [INFO] MultiScanPanel:197 - Auto-refresh data requested => check proxy status ongoing
2023-11-29 21:20:49,997 [INFO] MultiScanPanel:201 - Proxy status is invalid
2023-11-29 21:20:49,999 [INFO] FinderPluginLoader:87 - Searching for filters in installed packs
2023-11-29 21:20:50,000 [INFO] DbMcusXml:100 - Load MCU database from E:\STM32\STM32CubeIDE_1.7.0\STM32CubeIDE\plugins\com.st.stm32cube.common.mx_6.3.0.202107141111\\db\/mcu/families.xml
2023-11-29 21:20:50,679 [INFO] DbMcusJson:93 - JSON generation date=Tue Nov 16 23:17:54 ICT 2021 (1637079474)
2023-11-29 21:20:51,296 [INFO] DbMcus:175 - Found 1951 MCUs (1903 are supported by CubeMX, 1914 are visible in CubeMX)
2023-11-29 21:20:51,297 [INFO] ApiDb:251 - Load user favorites file C:\Users\DELL/.stm32cubeide/favorites.mcus.txt: 0 item(s)
2023-11-29 21:20:51,297 [INFO] ApiDb:255 - User favorites MCUs=[]
2023-11-29 21:20:51,297 [INFO] DbMcus:187 - Set 0 / 0 favorites MCUs
2023-11-29 21:20:51,362 [ERROR] Engine:463 - C:\Users\DELL\.stm32cubemx\thirdparties\pdsc\STMicroelectronics.X-CUBE-SMBUS.2.1.0.pdsc: PDSC version is not supported
2023-11-29 21:20:51,393 [WARN] PackLoader:238 - Cannot read IP mode file for STMicroelectronics.X-CUBE-AZRTOS-F7.1.1.0
2023-11-29 21:20:51,399 [ERROR] Engine:463 - C:\Users\DELL\.stm32cubemx\thirdparties\pdsc\STMicroelectronics.FP-SNS-MOTENV1.4.3.2.pdsc: PDSC version is not supported
2023-11-29 21:20:51,401 [ERROR] Engine:463 - C:\Users\DELL\.stm32cubemx\thirdparties\pdsc\STMicroelectronics.FP-SNS-FLIGHT1.5.0.2.pdsc: PDSC version is not supported
2023-11-29 21:20:51,402 [ERROR] Engine:463 - C:\Users\DELL\.stm32cubemx\thirdparties\pdsc\STMicroelectronics.X-CUBE-DISPLAY.3.0.0.pdsc: PDSC version is not supported
2023-11-29 21:20:51,406 [WARN] PackLoader:238 - Cannot read IP mode file for STMicroelectronics.X-CUBE-BLE1.7.0.0
2023-11-29 21:20:51,409 [ERROR] Engine:463 - C:\Users\DELL\.stm32cubemx\thirdparties\pdsc\emotas.I-CUBE-CANOPEN.1.3.0.pdsc: PDSC version is not supported
2023-11-29 21:20:51,411 [WARN] PackLoader:238 - Cannot read IP mode file for STMicroelectronics.X-CUBE-TOUCHGFX.4.22.0
2023-11-29 21:20:51,412 [WARN] PackLoader:238 - Cannot read IP mode file for STMicroelectronics.X-CUBE-TOUCHGFX.4.22.1
2023-11-29 21:20:51,413 [ERROR] Engine:463 - C:\Users\DELL\.stm32cubemx\thirdparties\pdsc\STMicroelectronics.FP-SNS-SMARTAG2.1.2.0.pdsc: PDSC version is not supported
2023-11-29 21:20:51,419 [INFO] LogOutputStream:76 - [STDOUT_REDIRECT] 1 : Invalid condition id : UX_CORESTACK_Condition cause : null
2023-11-29 21:20:51,422 [INFO] LogOutputStream:76 - [STDOUT_REDIRECT] 1 : Invalid condition id : UX_CORESTACK_Condition cause : null
2023-11-29 21:20:51,423 [INFO] LogOutputStream:76 - [STDOUT_REDIRECT] 1 : Invalid condition id : UX_CORESTACK_Condition cause : null
2023-11-29 21:20:51,423 [INFO] LogOutputStream:76 - [STDOUT_REDIRECT] 1 : Invalid condition id : UX_CORESTACK_Condition cause : null
2023-11-29 21:20:51,424 [INFO] LogOutputStream:76 - [STDOUT_REDIRECT] 1 : Invalid condition id : UX_CORESTACK_Condition cause : null
2023-11-29 21:20:51,431 [WARN] PackLoader:238 - Cannot read IP mode file for STMicroelectronics.X-CUBE-AZRTOS-WL.2.0.0
2023-11-29 21:20:51,438 [WARN] PackLoader:238 - Cannot read IP mode file for WES.I-CUBE-Cesium.1.3.0
2023-11-29 21:20:51,441 [WARN] PackLoader:238 - Cannot read IP mode file for STMicroelectronics.X-CUBE-BLE2.3.3.0
2023-11-29 21:20:51,455 [WARN] PackLoader:238 - Cannot read IP mode file for STMicroelectronics.X-CUBE-ALGOBUILD.1.3.0
2023-11-29 21:20:51,467 [WARN] PackLoader:238 - Cannot read IP mode file for STMicroelectronics.X-CUBE-AZRTOS-G0.1.1.0
2023-11-29 21:20:51,473 [WARN] PackLoader:238 - Cannot read IP mode file for STMicroelectronics.X-CUBE-NFC4.3.0.0
2023-11-29 21:20:51,487 [ERROR] Engine:463 - C:\Users\DELL\.stm32cubemx\thirdparties\pdsc\STMicroelectronics.X-CUBE-BLEMGR.3.0.0.pdsc: PDSC version is not supported
2023-11-29 21:20:51,488 [WARN] PackLoader:238 - Cannot read IP mode file for STMicroelectronics.FP-ATR-SIGFOX1.3.2.0
2023-11-29 21:20:51,511 [WARN] PackLoader:238 - Cannot read IP mode file for SEGGER.I-CUBE-embOS.1.3.1
2023-11-29 21:20:51,547 [WARN] PackLoader:238 - Cannot read IP mode file for STMicroelectronics.X-CUBE-GNSS1.6.0.0
2023-11-29 21:20:51,559 [WARN] PackLoader:238 - Cannot read IP mode file for STMicroelectronics.X-CUBE-AZRTOS-F4.1.1.0
2023-11-29 21:20:51,564 [WARN] PackLoader:238 - Cannot read IP mode file for wolfSSL.I-CUBE-wolfSSL.5.6.3
2023-11-29 21:20:51,579 [WARN] PackLoader:238 - Cannot read IP mode file for STMicroelectronics.X-CUBE-AZRTOS-L5.2.0.0
2023-11-29 21:20:51,621 [WARN] PackLoader:238 - Cannot read IP mode file for STMicroelectronics.X-CUBE-MEMS1.9.6.0
2023-11-29 21:20:51,642 [INFO] DetailPanel:309 - Set advertising image to C:/Users/DELL/STM32Cube/Repository/\en.prom-stm32wl3-mcu-finder.jpg
2023-11-29 21:20:51,841 [WARN] PackLoader:238 - Cannot read IP mode file for STMicroelectronics.X-CUBE-EEPRMA1.4.2.0
2023-11-29 21:20:51,844 [ERROR] Engine:463 - C:\Users\DELL\.stm32cubemx\thirdparties\pdsc\ITTIA_DB.I-CUBE-ITTIADB.8.8.0.pdsc: PDSC version is not supported
2023-11-29 21:20:51,848 [WARN] PackLoader:238 - Cannot read IP mode file for STMicroelectronics.X-CUBE-BLEMGR.2.0.0
2023-11-29 21:20:51,869 [WARN] ConditionMgr:437 - getConditionDescription Invalid condition id : UX DEVICE CLASS RTOS Condition cause : null
2023-11-29 21:20:51,869 [WARN] ConditionMgr:437 - getConditionDescription Invalid condition id : UX DEVICE CLASS RTOS Condition cause : null
2023-11-29 21:20:51,872 [WARN] PackLoader:238 - Cannot read IP mode file for STMicroelectronics.X-CUBE-AZRTOS-H7.3.1.0
2023-11-29 21:20:51,872 [WARN] ConditionMgr:1038 - genDependencies : Invalid condition id : UX DEVICE CLASS RTOS Condition cause : null
2023-11-29 21:20:51,872 [WARN] ConditionMgr:1038 - genDependencies : Invalid condition id : UX DEVICE CLASS RTOS Condition cause : null
2023-11-29 21:20:51,873 [WARN] ConditionMgr:1038 - genDependencies : Invalid condition id : UX DEVICE CLASS RTOS Condition cause : null
2023-11-29 21:20:51,873 [WARN] ConditionMgr:1038 - genDependencies : Invalid condition id : UX DEVICE CLASS RTOS Condition cause : null
2023-11-29 21:20:51,873 [WARN] ConditionMgr:1038 - genDependencies : Invalid condition id : UX DEVICE CLASS RTOS Condition cause : null
2023-11-29 21:20:51,877 [WARN] PackLoader:238 - Cannot read IP mode file for STMicroelectronics.X-CUBE-NFC7.1.0.1
2023-11-29 21:20:51,882 [WARN] PackLoader:238 - Cannot read IP mode file for STMicroelectronics.X-CUBE-NFC6.3.0.0
2023-11-29 21:20:51,894 [WARN] PackLoader:238 - Cannot read IP mode file for STMicroelectronics.X-CUBE-EEPRMA1.4.1.0
2023-11-29 21:20:51,897 [WARN] PackLoader:238 - Cannot read IP mode file for STMicroelectronics.X-CUBE-AI.8.1.0
2023-11-29 21:20:51,909 [WARN] ConditionMgr:437 - getConditionDescription Invalid condition id : LAN8742 Phy interface Condition cause : null
2023-11-29 21:20:51,910 [WARN] PackLoader:238 - Cannot read IP mode file for STMicroelectronics.X-CUBE-AZRTOS-L4.2.0.0
2023-11-29 21:20:51,911 [WARN] ConditionMgr:1038 - genDependencies : Invalid condition id : LAN8742 Phy interface Condition cause : null
2023-11-29 21:20:51,911 [WARN] ConditionMgr:1038 - genDependencies : Invalid condition id : LAN8742 Phy interface Condition cause : null
2023-11-29 21:20:51,911 [WARN] ConditionMgr:1038 - genDependencies : Invalid condition id : LAN8742 Phy interface Condition cause : null
2023-11-29 21:20:51,916 [WARN] PackLoader:238 - Cannot read IP mode file for STMicroelectronics.X-CUBE-SFXS2LP1.4.0.0
2023-11-29 21:20:51,919 [WARN] PackLoader:238 - Cannot read IP mode file for STMicroelectronics.X-CUBE-ISPU.1.1.0
2023-11-29 21:20:51,927 [WARN] ConditionMgr:437 - getConditionDescription Invalid condition id : UX DEVICE CLASS RTOS Condition cause : null
2023-11-29 21:20:51,928 [WARN] ConditionMgr:437 - getConditionDescription Invalid condition id : UX DEVICE CLASS RTOS Condition cause : null
2023-11-29 21:20:51,929 [WARN] PackLoader:238 - Cannot read IP mode file for STMicroelectronics.X-CUBE-AZRTOS-WB.2.0.0
2023-11-29 21:20:51,929 [WARN] ConditionMgr:1038 - genDependencies : Invalid condition id : UX DEVICE CLASS RTOS Condition cause : null
2023-11-29 21:20:51,930 [WARN] ConditionMgr:1038 - genDependencies : Invalid condition id : UX DEVICE CLASS RTOS Condition cause : null
2023-11-29 21:20:51,930 [WARN] ConditionMgr:1038 - genDependencies : Invalid condition id : UX DEVICE CLASS RTOS Condition cause : null
2023-11-29 21:20:51,930 [WARN] ConditionMgr:1038 - genDependencies : Invalid condition id : UX DEVICE CLASS RTOS Condition cause : null
2023-11-29 21:20:51,930 [WARN] ConditionMgr:1038 - genDependencies : Invalid condition id : UX DEVICE CLASS RTOS Condition cause : null
2023-11-29 21:20:51,938 [WARN] PackLoader:238 - Cannot read IP mode file for STMicroelectronics.X-CUBE-SUBG2.5.0.0
2023-11-29 21:20:51,945 [ERROR] Engine:463 - C:\Users\DELL\.stm32cubemx\thirdparties\pdsc\STMicroelectronics.X-CUBE-TOF1.3.3.1.pdsc: PDSC version is not supported
2023-11-29 21:20:51,954 [WARN] PackLoader:238 - Cannot read IP mode file for STMicroelectronics.X-CUBE-AZRTOS-G4.2.0.0
2023-11-29 21:20:51,959 [ERROR] Engine:463 - C:\Users\DELL\.stm32cubemx\thirdparties\pdsc\Infineon.AIROC-Wi-Fi-Bluetooth-STM32.1.5.1.pdsc: PDSC version is not supported
2023-11-29 21:20:51,960 [ERROR] Engine:463 - C:\Users\DELL\.stm32cubemx\thirdparties\pdsc\STMicroelectronics.FP-SNS-MOTENVWB1.1.3.0.pdsc: PDSC version is not supported
2023-11-29 21:20:51,970 [ERROR] Engine:463 - C:\Users\DELL\.stm32cubemx\thirdparties\pdsc\STMicroelectronics.FP-SNS-MOTENVWB1.1.3.1.pdsc: PDSC version is not supported
2023-11-29 21:20:52,049 [INFO] DbBoardsPdsc:90 - Found 25 items
2023-11-29 21:20:52,050 [WARN] PackLoader:238 - Cannot read IP mode file for STMicroelectronics.X-CUBE-MEMS1.10.0.0
2023-11-29 21:20:52,051 [INFO] DbBoardsPdsc:90 - Found 9 items
2023-11-29 21:20:52,055 [INFO] DbBoardsPdsc:90 - Found 33 items
2023-11-29 21:20:52,056 [INFO] DbBoardsPdsc:90 - Found 1 items
2023-11-29 21:20:52,064 [INFO] DbBoardsPdsc:90 - Found 48 items
2023-11-29 21:20:52,074 [INFO] DbBoardsPdsc:90 - Found 43 items
2023-11-29 21:20:52,075 [INFO] DbBoardsPdsc:90 - Found 2 items
2023-11-29 21:20:52,077 [INFO] DbBoardsPdsc:90 - Found 5 items
2023-11-29 21:20:52,084 [WARN] DbBoardsPdsc:254 - Board STM32H7B3I-DK: unknown feature type=Audio, name=, username=Audio stereo codec with Headphone Amp (CS42L51-CNZ), n=1
2023-11-29 21:20:52,085 [WARN] DbBoardsPdsc:254 - Board STM32H735G-DK: unknown feature type=Audio, name=, username=Audio stereo codec with Headphone Amp (WM8994ECS/R), n=1
2023-11-29 21:20:52,092 [WARN] DbBoardsPdsc:254 - Board STM32H7B3I-EVAL: unknown feature type=Audio, name=, username=Multi-Channel Audio Codec (CS42L51-CNZ), n=1
2023-11-29 21:20:52,093 [WARN] DbBoardsPdsc:254 - Board STM32H7B3I-EVAL: unknown feature type=Meter, name=, username=Power-metering and Temperature-monitoring with sigma-delta modulators, n=1
2023-11-29 21:20:52,093 [WARN] DbBoardsPdsc:254 - Board STM32H7B3I-EVAL: unknown feature type=Motor, name=, username=Motor Control, n=1
2023-11-29 21:20:52,094 [WARN] DbBoardsPdsc:254 - Board STM32U575I-EV: unknown feature type=joystick, name=, username=4-direction joystick with selection button, n=1
2023-11-29 21:20:52,124 [INFO] DbBoardsJson:86 - JSON generation date=Tue Nov 16 23:17:54 ICT 2021 (1637079474)
2023-11-29 21:20:52,129 [INFO] DbBoards:117 - Found 167 boards (163 are supported by CubeMX)
2023-11-29 21:20:52,130 [INFO] DbBoardsDocs:143 - JSON generation date=Tue Nov 16 23:17:54 ICT 2021 (1637079474)
2023-11-29 21:20:52,132 [INFO] DbBoardsDocs:79 - Found 209 boards documents
2023-11-29 21:20:52,133 [WARN] DbBoards:127 - board B-L475E-IOT01A2 has no document id list !
2023-11-29 21:20:52,134 [WARN] DbBoards:127 - board NUCLEO-H743ZI has no document id list !
2023-11-29 21:20:52,134 [WARN] DbBoards:127 - board NUCLEO-WL55JC2 has no document id list !
2023-11-29 21:20:52,134 [WARN] DbBoards:127 - board P-NUCLEO-WB55-Nucleo has no document id list !
2023-11-29 21:20:52,135 [WARN] DbBoards:127 - board P-NUCLEO-WB55-USBDongle has no document id list !
2023-11-29 21:20:52,135 [WARN] DbBoards:127 - board STEVAL-BFA001V1B has no document id list !
2023-11-29 21:20:52,135 [WARN] DbBoards:127 - board STEVAL-BFA001V2B has no document id list !
2023-11-29 21:20:52,135 [WARN] DbBoards:127 - board STEVAL-IDP005V1 has no document id list !
2023-11-29 21:20:52,135 [WARN] DbBoards:127 - board STEVAL-IDP005V2 has no document id list !
2023-11-29 21:20:52,135 [WARN] DbBoards:127 - board STEVAL-MKSBOX1V1 has no document id list !
2023-11-29 21:20:52,135 [WARN] DbBoards:127 - board STEVAL-STWINKT1 has no document id list !
2023-11-29 21:20:52,135 [WARN] DbBoards:127 - board STEVAL-STWINKT1B has no document id list !
2023-11-29 21:20:52,135 [WARN] DbBoards:127 - board STM32439I-EVAL2 has no document id list !
2023-11-29 21:20:52,135 [WARN] DbBoards:127 - board STM32F401C-DISCO has no document id list !
2023-11-29 21:20:52,136 [WARN] DbBoards:127 - board STM32F769I-DISC1 has no document id list !
2023-11-29 21:20:52,136 [WARN] DbBoards:127 - board STM32G474E-EVAL1 has no document id list !
2023-11-29 21:20:52,136 [WARN] DbBoards:127 - board STM32H743I-EVAL2 has no document id list !
2023-11-29 21:20:52,136 [WARN] DbBoards:127 - board STM32H747I-DISC1 has no document id list !
2023-11-29 21:20:52,136 [WARN] DbBoards:127 - board STM32H753I-EVAL2 has no document id list !
2023-11-29 21:20:52,136 [WARN] DbBoards:127 - board STM32L-DISCOVERY has no document id list !
2023-11-29 21:20:52,221 [ERROR] Engine:463 - C:\Users\DELL\.stm32cubemx\thirdparties\pdsc\STMicroelectronics.X-CUBE-FREERTOS.1.1.0.pdsc: PDSC version is not supported
2023-11-29 21:20:52,225 [WARN] PackLoader:238 - Cannot read IP mode file for portGmbH.I-Cube-SoM-uGOAL.1.1.0
2023-11-29 21:20:52,227 [WARN] PackLoader:238 - Cannot read IP mode file for STMicroelectronics.X-CUBE-ALS.1.0.1
2023-11-29 21:20:52,229 [WARN] PackLoader:238 - Cannot read IP mode file for STMicroelectronics.FP-ATR-ASTRA1.2.0.0
2023-11-29 21:20:52,236 [ERROR] Engine:463 - C:\Users\DELL\.stm32cubemx\thirdparties\pdsc\STMicroelectronics.X-CUBE-TOF1.3.4.0.pdsc: PDSC version is not supported
2023-11-29 21:20:52,236 [INFO] ThirdParty:915 - Integrity check success = true
2023-11-29 21:20:52,237 [INFO] IntegrityCheckThread:94 - exiting critical section [integrity check]
2023-11-29 21:20:52,237 [INFO] IntegrityCheckThread:97 - End integrity checks thread
2023-11-29 21:20:52,248 [ERROR] DbBoards:189 - Image file not found for board B-U585I-IOT02A: E:\STM32\STM32CubeIDE_1.7.0\STM32CubeIDE\plugins\com.st.stm32cube.common.mx_6.3.0.202107141111\\db\/plugins/mcufinder/images/boards/B-U585I-IOT02A_small.jpg
2023-11-29 21:20:52,356 [ERROR] DbBoards:189 - Image file not found for board NUCLEO-F413ZH: E:\STM32\STM32CubeIDE_1.7.0\STM32CubeIDE\plugins\com.st.stm32cube.common.mx_6.3.0.202107141111\\db\/plugins/mcufinder/images/boards/nucleo-f413zh_small.jpg
2023-11-29 21:20:52,555 [ERROR] DbBoards:189 - Image file not found for board NUCLEO-L552ZE-Q: E:\STM32\STM32CubeIDE_1.7.0\STM32CubeIDE\plugins\com.st.stm32cube.common.mx_6.3.0.202107141111\\db\/plugins/mcufinder/images/boards/nucleo_l552ze_q_small.jpg
2023-11-29 21:20:52,555 [ERROR] DbBoards:189 - Image file not found for board NUCLEO-U575ZI-Q: E:\STM32\STM32CubeIDE_1.7.0\STM32CubeIDE\plugins\com.st.stm32cube.common.mx_6.3.0.202107141111\\db\/plugins/mcufinder/images/boards/nucleo-u575zi-q_small.jpg
2023-11-29 21:20:52,555 [ERROR] DbBoards:189 - Image file not found for board NUCLEO-WB15CC: E:\STM32\STM32CubeIDE_1.7.0\STM32CubeIDE\plugins\com.st.stm32cube.common.mx_6.3.0.202107141111\\db\/plugins/mcufinder/images/boards/nucleo-wb15cc_small.jpg
2023-11-29 21:20:52,555 [ERROR] DbBoards:189 - Image file not found for board NUCLEO-WB55RG: E:\STM32\STM32CubeIDE_1.7.0\STM32CubeIDE\plugins\com.st.stm32cube.common.mx_6.3.0.202107141111\\db\/plugins/mcufinder/images/boards/nucleo-wb55rg_small.jpg
2023-11-29 21:20:53,458 [INFO] ApiDb:251 - Load user favorites file C:\Users\DELL/.stm32cubeide/favorites.boards.txt: 0 item(s)
2023-11-29 21:20:53,458 [INFO] ApiDb:255 - User favorites Boards=[]
2023-11-29 21:20:53,459 [INFO] DbBoards:206 - Set 0 / 0 favorites Boards
2023-11-29 21:21:23,977 [INFO] MainUpdater:2671 - connection check result : 10
2023-11-29 21:21:23,978 [INFO] MainUpdater:2671 - connection check result : 10
2023-11-29 21:21:24,008 [INFO] MicroXplorer:448 - Change Database Path : 
2023-11-29 21:21:24,008 [INFO] MicroXplorer:478 - Change Database Version : DB.6.0.30
2023-11-29 21:21:24,009 [WARN] ThirdParty:813 - waiting for thirdparty lock release [close project]
2023-11-29 21:21:24,009 [INFO] ThirdParty:815 - entering critical section [close project]
2023-11-29 21:21:24,009 [INFO] ThirdParty:825 - exiting critical section [close project]
2023-11-29 21:21:24,012 [INFO] PinOutPanel:1463 - setPackage(No Configuration,No Configuration)
2023-11-29 21:21:24,013 [INFO] UtilMem:74 - Begin LoadConfig() Used Memory: 411358720 Bytes (596639744)
2023-11-29 21:21:24,014 [INFO] MicroXplorer:448 - Change Database Path : 
2023-11-29 21:21:24,015 [INFO] MicroXplorer:478 - Change Database Version : DB.6.0.30
2023-11-29 21:21:24,015 [INFO] OpenFileManager:313 - Change cursor
2023-11-29 21:21:24,500 [INFO] Context:592 - Trying to add GPIOservice into a context  which must be forbidden
2023-11-29 21:21:24,678 [WARN] ApiManager:304 - Cannot register API 'Board Extension:GNSS1A1' from pack STMicroelectronics.X-CUBE-GNSS1.6.0.0: no header file found
2023-11-29 21:21:24,679 [WARN] ApiManager:304 - Cannot register API 'Board Support:Custom' from pack STMicroelectronics.X-CUBE-GNSS1.6.0.0: no header file found
2023-11-29 21:21:24,679 [WARN] ApiManager:304 - Cannot register API 'Data Exchange:lib_gnss' from pack STMicroelectronics.X-CUBE-GNSS1.6.0.0: no header file found
2023-11-29 21:21:24,822 [WARN] ApiManager:304 - Cannot register API 'Board Extension:IKS01A3' from pack STMicroelectronics.X-CUBE-MEMS1.9.6.0: no header file found
2023-11-29 21:21:24,823 [WARN] ApiManager:304 - Cannot register API 'Board Extension:IKS01A2' from pack STMicroelectronics.X-CUBE-MEMS1.9.6.0: no header file found
2023-11-29 21:21:24,823 [WARN] ApiManager:304 - Cannot register API 'Board Extension:IKS02A1' from pack STMicroelectronics.X-CUBE-MEMS1.9.6.0: no header file found
2023-11-29 21:21:24,828 [WARN] ApiManager:304 - Cannot register API 'Board Extension:EEPRMA2' from pack STMicroelectronics.X-CUBE-EEPRMA1.4.2.0: no header file found
2023-11-29 21:21:24,828 [WARN] ApiManager:304 - Cannot register API 'Board Extension:PGEEZ1' from pack STMicroelectronics.X-CUBE-EEPRMA1.4.2.0: no header file found
2023-11-29 21:21:24,828 [WARN] ApiManager:304 - Cannot register API 'Board Part:M24' from pack STMicroelectronics.X-CUBE-EEPRMA1.4.2.0: no header file found
2023-11-29 21:21:24,828 [WARN] ApiManager:304 - Cannot register API 'Board Part:M95' from pack STMicroelectronics.X-CUBE-EEPRMA1.4.2.0: no header file found
2023-11-29 21:21:24,828 [WARN] ApiManager:304 - Cannot register API 'Board Part:M95P32' from pack STMicroelectronics.X-CUBE-EEPRMA1.4.2.0: no header file found
2023-11-29 21:21:24,828 [WARN] ApiManager:304 - Cannot register API 'PGEEZ1:SPI' from pack STMicroelectronics.X-CUBE-EEPRMA1.4.2.0: no header file found
2023-11-29 21:21:24,828 [WARN] ApiManager:304 - Cannot register API 'PGEEZ1:QDSPI' from pack STMicroelectronics.X-CUBE-EEPRMA1.4.2.0: no header file found
2023-11-29 21:21:24,830 [INFO] RtosManager:484 - Registered RTOS mode: class=CMSIS, group=RTOS, mode=CMSIS_V1, owner=FREERTOS
2023-11-29 21:21:24,830 [INFO] RtosManager:484 - Registered RTOS mode: class=CMSIS, group=RTOS2, mode=CMSIS_V2, owner=FREERTOS
2023-11-29 21:21:24,830 [INFO] RtosManager:484 - Registered RTOS mode: class=RTOS, group=Core, mode=CMSIS_V1, owner=FREERTOS
2023-11-29 21:21:24,830 [INFO] RtosManager:484 - Registered RTOS mode: class=RTOS, group=Core, mode=CMSIS_V2, owner=FREERTOS
2023-11-29 21:21:24,830 [WARN] ModelIntegratedComponent:181 - Missing modes for component STMicroelectronics:FreeRTOS:0.0.1:STMicroelectronics:RTOS:FreeRTOS:Core:::10.2.0:
2023-11-29 21:21:24,831 [WARN] ApiManager:304 - Cannot register API 'Board Extension:NFC04A1' from pack STMicroelectronics.X-CUBE-NFC4.3.0.0: no header file found
2023-11-29 21:21:24,833 [WARN] ApiManager:304 - Cannot register API 'Board Extension:S2868A1' from pack STMicroelectronics.X-CUBE-SUBG2.5.0.0: no header file found
2023-11-29 21:21:24,833 [WARN] ApiManager:304 - Cannot register API 'Board Extension:S2868A2' from pack STMicroelectronics.X-CUBE-SUBG2.5.0.0: no header file found
2023-11-29 21:21:24,833 [WARN] ApiManager:304 - Cannot register API 'Board Extension:S2915A1' from pack STMicroelectronics.X-CUBE-SUBG2.5.0.0: no header file found
2023-11-29 21:21:24,836 [WARN] ApiManager:304 - Cannot register API 'Wireless:BlueNRG-MS' from pack STMicroelectronics.X-CUBE-BLE1.7.0.0: no header file found
2023-11-29 21:21:24,837 [WARN] ModelIntegratedComponent:60 - No mode defined for component null
2023-11-29 21:21:24,837 [WARN] ModelIntegratedComponent:60 - No mode defined for component null
2023-11-29 21:21:24,837 [WARN] ModelIntegratedComponent:60 - No mode defined for component null
2023-11-29 21:21:24,837 [WARN] ModelIntegratedComponent:60 - No mode defined for component null
2023-11-29 21:21:24,837 [WARN] ModelIntegratedComponent:60 - No mode defined for component null
2023-11-29 21:21:24,837 [WARN] ModelIntegratedComponent:60 - No mode defined for component null
2023-11-29 21:21:24,837 [WARN] ModelIntegratedComponent:60 - No mode defined for component null
2023-11-29 21:21:24,837 [WARN] ModelIntegratedComponent:60 - No mode defined for component null
2023-11-29 21:21:24,837 [WARN] ModelIntegratedComponent:60 - No mode defined for component null
2023-11-29 21:21:24,837 [WARN] ModelIntegratedComponent:60 - No mode defined for component null
2023-11-29 21:21:24,837 [WARN] ModelIntegratedComponent:60 - No mode defined for component null
2023-11-29 21:21:24,837 [WARN] ModelIntegratedComponent:60 - No mode defined for component null
2023-11-29 21:21:24,837 [WARN] ModelIntegratedComponent:60 - No mode defined for component null
2023-11-29 21:21:24,837 [WARN] ModelIntegratedComponent:60 - No mode defined for component null
2023-11-29 21:21:24,837 [WARN] ModelIntegratedComponent:60 - No mode defined for component null
2023-11-29 21:21:24,837 [WARN] ModelIntegratedComponent:60 - No mode defined for component null
2023-11-29 21:21:24,838 [WARN] ModelIntegratedComponent:60 - No mode defined for component null
2023-11-29 21:21:24,838 [WARN] ModelIntegratedComponent:60 - No mode defined for component null
2023-11-29 21:21:24,838 [WARN] ModelIntegratedComponent:60 - No mode defined for component null
2023-11-29 21:21:24,838 [WARN] ModelIntegratedComponent:60 - No mode defined for component null
2023-11-29 21:21:24,838 [WARN] ModelIntegratedComponent:60 - No mode defined for component null
2023-11-29 21:21:24,838 [WARN] ModelIntegratedComponent:60 - No mode defined for component null
2023-11-29 21:21:24,838 [WARN] ModelIntegratedComponent:60 - No mode defined for component null
2023-11-29 21:21:24,838 [WARN] ModelIntegratedComponent:60 - No mode defined for component null
2023-11-29 21:21:24,838 [WARN] ModelIntegratedComponent:60 - No mode defined for component null
2023-11-29 21:21:24,838 [WARN] ModelIntegratedComponent:60 - No mode defined for component null
2023-11-29 21:21:24,838 [WARN] ModelIntegratedComponent:60 - No mode defined for component null
2023-11-29 21:21:24,838 [WARN] ModelIntegratedComponent:60 - No mode defined for component null
2023-11-29 21:21:24,838 [WARN] ModelIntegratedComponent:60 - No mode defined for component null
2023-11-29 21:21:24,838 [WARN] ModelIntegratedComponent:60 - No mode defined for component null
2023-11-29 21:21:24,838 [WARN] ModelIntegratedComponent:60 - No mode defined for component null
2023-11-29 21:21:24,991 [WARN] ApiManager:304 - Cannot register API 'Board Extension:IKS01A3' from pack STMicroelectronics.X-CUBE-MEMS1.10.0.0: no header file found
2023-11-29 21:21:24,991 [WARN] ApiManager:304 - Cannot register API 'Board Extension:IKS02A1' from pack STMicroelectronics.X-CUBE-MEMS1.10.0.0: no header file found
2023-11-29 21:21:24,991 [WARN] ApiManager:304 - Cannot register API 'Board Extension:IKS4A1' from pack STMicroelectronics.X-CUBE-MEMS1.10.0.0: no header file found
2023-11-29 21:21:24,998 [WARN] ApiManager:304 - Cannot register API 'Board Extension:NFC07A1' from pack STMicroelectronics.X-CUBE-NFC7.1.0.1: no header file found
2023-11-29 21:21:24,999 [WARN] ApiManager:304 - Cannot register API 'Board Extension:NFC06A1' from pack STMicroelectronics.X-CUBE-NFC6.3.0.0: no header file found
2023-11-29 21:21:24,999 [WARN] ApiManager:304 - Cannot register API 'Board Extension:NFC08A1' from pack STMicroelectronics.X-CUBE-NFC6.3.0.0: no header file found
2023-11-29 21:21:24,999 [WARN] ApiManager:304 - Cannot register API 'Board Extension:EEPRMA1' from pack STMicroelectronics.X-CUBE-EEPRMA1.4.1.0: no header file found
2023-11-29 21:21:24,999 [WARN] ApiManager:304 - Cannot register API 'Board Extension:EEPRMA2' from pack STMicroelectronics.X-CUBE-EEPRMA1.4.1.0: no header file found
2023-11-29 21:21:24,999 [WARN] ApiManager:304 - Cannot register API 'Board Extension:PGEEZ1' from pack STMicroelectronics.X-CUBE-EEPRMA1.4.1.0: no header file found
2023-11-29 21:21:24,999 [WARN] ApiManager:304 - Cannot register API 'Board Part:M24' from pack STMicroelectronics.X-CUBE-EEPRMA1.4.1.0: no header file found
2023-11-29 21:21:24,999 [WARN] ApiManager:304 - Cannot register API 'Board Part:M95' from pack STMicroelectronics.X-CUBE-EEPRMA1.4.1.0: no header file found
2023-11-29 21:21:24,999 [WARN] ApiManager:304 - Cannot register API 'Board Part:M95P32' from pack STMicroelectronics.X-CUBE-EEPRMA1.4.1.0: no header file found
2023-11-29 21:21:25,000 [WARN] ApiManager:304 - Cannot register API 'PGEEZ1:SPI' from pack STMicroelectronics.X-CUBE-EEPRMA1.4.1.0: no header file found
2023-11-29 21:21:25,000 [WARN] ApiManager:304 - Cannot register API 'PGEEZ1:QDSPI' from pack STMicroelectronics.X-CUBE-EEPRMA1.4.1.0: no header file found
2023-11-29 21:21:25,005 [WARN] ApiManager:304 - Cannot register API 'Board Extension:S2868A1' from pack STMicroelectronics.X-CUBE-SFXS2LP1.4.0.0: no header file found
2023-11-29 21:21:25,005 [WARN] ApiManager:304 - Cannot register API 'Board Extension:S2868A2' from pack STMicroelectronics.X-CUBE-SFXS2LP1.4.0.0: no header file found
2023-11-29 21:21:25,005 [WARN] ApiManager:304 - Cannot register API 'Board Extension:S2915A1' from pack STMicroelectronics.X-CUBE-SFXS2LP1.4.0.0: no header file found
2023-11-29 21:21:25,006 [WARN] ApiManager:304 - Cannot register API 'Wireless:BlueNRG-2' from pack STMicroelectronics.X-CUBE-BLE2.3.3.0: no header file found
2023-11-29 21:21:27,112 [INFO] UtilMem:74 - End LoadConfig() Used Memory: 402950392 Bytes (596639744)
2023-11-29 21:21:27,112 [WARN] ThirdParty:779 - waiting for thirdparty lock release [change project]
2023-11-29 21:21:27,112 [INFO] ThirdParty:781 - entering critical section [change project]
2023-11-29 21:21:27,112 [INFO] ThirdParty:967 - CMSIS Pack Vendor :STMicroelectronics X-CUBE-ISPU 1.1.0
2023-11-29 21:21:27,112 [INFO] ThirdParty:967 - CMSIS Pack Vendor :STMicroelectronics X-CUBE-GNSS1 6.0.0
2023-11-29 21:21:27,112 [INFO] ThirdParty:967 - CMSIS Pack Vendor :STMicroelectronics USB_HOST 2.0.0
2023-11-29 21:21:27,112 [INFO] ThirdParty:967 - CMSIS Pack Vendor :STMicroelectronics X-CUBE-AZRTOS-F4 1.1.0
2023-11-29 21:21:27,112 [INFO] ThirdParty:967 - CMSIS Pack Vendor :wolfSSL I-CUBE-wolfSSL 5.6.3
2023-11-29 21:21:27,112 [INFO] ThirdParty:967 - CMSIS Pack Vendor :STMicroelectronics USB_DEVICE 3.0.0
2023-11-29 21:21:27,112 [INFO] ThirdParty:967 - CMSIS Pack Vendor :STMicroelectronics X-CUBE-AZRTOS-WB 2.0.0
2023-11-29 21:21:27,112 [INFO] ThirdParty:967 - CMSIS Pack Vendor :STMicroelectronics X-CUBE-AZRTOS-F7 1.1.0
2023-11-29 21:21:27,112 [INFO] ThirdParty:967 - CMSIS Pack Vendor :STMicroelectronics X-CUBE-AZRTOS-L5 2.0.0
2023-11-29 21:21:27,112 [INFO] ThirdParty:967 - CMSIS Pack Vendor :STMicroelectronics USB_DEVICE 2.0.0
2023-11-29 21:21:27,112 [INFO] ThirdParty:967 - CMSIS Pack Vendor :STMicroelectronics X-CUBE-MEMS1 9.6.0
2023-11-29 21:21:27,112 [INFO] ThirdParty:967 - CMSIS Pack Vendor :STMicroelectronics X-CUBE-EEPRMA1 4.2.0
2023-11-29 21:21:27,113 [INFO] ThirdParty:967 - CMSIS Pack Vendor :STMicroelectronics X-CUBE-ALGOBUILD 1.3.0
2023-11-29 21:21:27,113 [INFO] ThirdParty:967 - CMSIS Pack Vendor :STMicroelectronics FreeRTOS 0.0.1
2023-11-29 21:21:27,113 [INFO] ThirdParty:967 - CMSIS Pack Vendor :STMicroelectronics X-CUBE-AZRTOS-G0 1.1.0
2023-11-29 21:21:27,113 [INFO] ThirdParty:967 - CMSIS Pack Vendor :STMicroelectronics X-CUBE-BLEMGR 2.0.0
2023-11-29 21:21:27,113 [INFO] ThirdParty:967 - CMSIS Pack Vendor :STMicroelectronics X-CUBE-NFC4 3.0.0
2023-11-29 21:21:27,113 [INFO] ThirdParty:967 - CMSIS Pack Vendor :STMicroelectronics X-CUBE-SUBG2 5.0.0
2023-11-29 21:21:27,113 [INFO] ThirdParty:967 - CMSIS Pack Vendor :STMicroelectronics lwIP 2.0.3
2023-11-29 21:21:27,113 [INFO] ThirdParty:967 - CMSIS Pack Vendor :STMicroelectronics USB_HOST 1.0.0
2023-11-29 21:21:27,113 [INFO] ThirdParty:967 - CMSIS Pack Vendor :STMicroelectronics X-CUBE-AZRTOS-G4 2.0.0
2023-11-29 21:21:27,113 [INFO] ThirdParty:967 - CMSIS Pack Vendor :STMicroelectronics PDM2PCM 3.1.0
2023-11-29 21:21:27,113 [INFO] ThirdParty:967 - CMSIS Pack Vendor :STMicroelectronics X-CUBE-AZRTOS-H7 3.1.0
2023-11-29 21:21:27,113 [INFO] ThirdParty:967 - CMSIS Pack Vendor :STMicroelectronics PDM2PCM 3.3.0
2023-11-29 21:21:27,113 [INFO] ThirdParty:967 - CMSIS Pack Vendor :STMicroelectronics X-CUBE-BLE1 7.0.0
2023-11-29 21:21:27,113 [INFO] ThirdParty:967 - CMSIS Pack Vendor :STMicroelectronics FP-ATR-SIGFOX1 3.2.0
2023-11-29 21:21:27,113 [INFO] ThirdParty:967 - CMSIS Pack Vendor :STMicroelectronics HAL Drivers 0.0.0
2023-11-29 21:21:27,113 [INFO] ThirdParty:967 - CMSIS Pack Vendor :STMicroelectronics MBEDTLS 2.16.2
2023-11-29 21:21:27,113 [INFO] ThirdParty:967 - CMSIS Pack Vendor :STMicroelectronics X-CUBE-MEMS1 10.0.0
2023-11-29 21:21:27,113 [INFO] ThirdParty:967 - CMSIS Pack Vendor :STMicroelectronics X-CUBE-TOUCHGFX 4.22.0
2023-11-29 21:21:27,113 [INFO] ThirdParty:967 - CMSIS Pack Vendor :STMicroelectronics X-CUBE-NFC7 1.0.1
2023-11-29 21:21:27,113 [INFO] ThirdParty:967 - CMSIS Pack Vendor :STMicroelectronics MBEDTLS 2.14.1
2023-11-29 21:21:27,113 [INFO] ThirdParty:967 - CMSIS Pack Vendor :STMicroelectronics X-CUBE-TOUCHGFX 4.22.1
2023-11-29 21:21:27,113 [INFO] ThirdParty:967 - CMSIS Pack Vendor :STMicroelectronics X-CUBE-NFC6 3.0.0
2023-11-29 21:21:27,113 [INFO] ThirdParty:967 - CMSIS Pack Vendor :STMicroelectronics X-CUBE-EEPRMA1 4.1.0
2023-11-29 21:21:27,113 [INFO] ThirdParty:967 - CMSIS Pack Vendor :portGmbH I-Cube-SoM-uGOAL 1.1.0
2023-11-29 21:21:27,113 [INFO] ThirdParty:967 - CMSIS Pack Vendor :STMicroelectronics X-CUBE-ALS 1.0.1
2023-11-29 21:21:27,113 [INFO] ThirdParty:967 - CMSIS Pack Vendor :STMicroelectronics X-CUBE-AZRTOS-WL 2.0.0
2023-11-29 21:21:27,113 [INFO] ThirdParty:967 - CMSIS Pack Vendor :SEGGER I-CUBE-embOS 1.3.1
2023-11-29 21:21:27,113 [INFO] ThirdParty:967 - CMSIS Pack Vendor :STMicroelectronics USB_DEVICE 1.0.0
2023-11-29 21:21:27,113 [INFO] ThirdParty:967 - CMSIS Pack Vendor :STMicroelectronics X-CUBE-AI 8.1.0
2023-11-29 21:21:27,113 [INFO] ThirdParty:967 - CMSIS Pack Vendor :STMicroelectronics X-CUBE-AZRTOS-L4 2.0.0
2023-11-29 21:21:27,113 [INFO] ThirdParty:967 - CMSIS Pack Vendor :STMicroelectronics ThreadX 0.0.2
2023-11-29 21:21:27,113 [INFO] ThirdParty:967 - CMSIS Pack Vendor :WES I-CUBE-Cesium 1.3.0
2023-11-29 21:21:27,113 [INFO] ThirdParty:967 - CMSIS Pack Vendor :STMicroelectronics FP-ATR-ASTRA1 2.0.0
2023-11-29 21:21:27,113 [INFO] ThirdParty:967 - CMSIS Pack Vendor :STMicroelectronics lwIP 2.1.2
2023-11-29 21:21:27,113 [INFO] ThirdParty:967 - CMSIS Pack Vendor :STMicroelectronics X-CUBE-SFXS2LP1 4.0.0
2023-11-29 21:21:27,115 [INFO] ThirdParty:967 - CMSIS Pack Vendor :STMicroelectronics X-CUBE-BLE2 3.3.0
2023-11-29 21:21:27,115 [INFO] ThirdParty:967 - CMSIS Pack Vendor :STMicroelectronics PDM2PCM 3.2.0
2023-11-29 21:21:27,115 [INFO] ThirdParty:787 - exiting critical section [change project]
2023-11-29 21:21:27,263 [INFO] PinOutPanel:1463 - setPackage(No Configuration,No Configuration)
2023-11-29 21:21:27,264 [INFO] PinOutPanel:1463 - setPackage(STM32F103C6Tx,LQFP48)
2023-11-29 21:21:27,497 [INFO] UtilMem:74 - Before build in PCC Used Memory: 439590688 Bytes (596639744)
2023-11-29 21:21:27,934 [INFO] UtilMem:74 - After build in PCC Used Memory: 443002992 Bytes (596639744)
2023-11-29 21:21:27,950 [INFO] IPUIPlugin:74 - create IPUIPlugin
2023-11-29 21:21:27,950 [INFO] IPUIPlugin:74 - create IPUIPlugin
2023-11-29 21:21:27,950 [INFO] IPUIPlugin:74 - create IPUIPlugin
2023-11-29 21:21:27,950 [INFO] IPUIPlugin:74 - create IPUIPlugin
2023-11-29 21:21:27,950 [INFO] IPUIPlugin:74 - create IPUIPlugin
2023-11-29 21:21:27,951 [INFO] IPUIPlugin:74 - create IPUIPlugin
2023-11-29 21:21:27,951 [INFO] IPUIPlugin:74 - create IPUIPlugin
2023-11-29 21:21:27,951 [INFO] IPUIPlugin:74 - create IPUIPlugin
2023-11-29 21:21:27,951 [INFO] IPUIPlugin:74 - create IPUIPlugin
2023-11-29 21:21:27,951 [INFO] IPUIPlugin:74 - create IPUIPlugin
2023-11-29 21:21:27,951 [INFO] IPUIPlugin:74 - create IPUIPlugin
2023-11-29 21:21:27,951 [INFO] IPUIPlugin:74 - create IPUIPlugin
2023-11-29 21:21:27,951 [INFO] IPUIPlugin:74 - create IPUIPlugin
2023-11-29 21:21:27,952 [INFO] IPUIPlugin:74 - create IPUIPlugin
2023-11-29 21:21:27,952 [INFO] IPUIPlugin:74 - create IPUIPlugin
2023-11-29 21:21:27,952 [INFO] IPUIPlugin:74 - create IPUIPlugin
2023-11-29 21:21:27,952 [INFO] IPUIPlugin:74 - create IPUIPlugin
2023-11-29 21:21:27,953 [INFO] IPUIPlugin:74 - create IPUIPlugin
2023-11-29 21:21:27,953 [INFO] IPUIPlugin:74 - create IPUIPlugin
2023-11-29 21:21:27,953 [INFO] IPUIPlugin:74 - create IPUIPlugin
2023-11-29 21:21:27,953 [INFO] IPUIPlugin:74 - create IPUIPlugin
2023-11-29 21:21:27,954 [INFO] IPUIPlugin:74 - create IPUIPlugin
2023-11-29 21:21:27,954 [INFO] IPUIPlugin:74 - create IPUIPlugin
2023-11-29 21:21:28,053 [INFO] OpenFileManager:333 - Restore cursor
2023-11-29 21:21:28,299 [INFO] UtilMem:74 - End SaveConfig() Used Memory: 461134224 Bytes (596639744)
2023-11-29 21:21:28,333 [INFO] UtilMem:74 - End SaveConfig() Used Memory: 471915800 Bytes (596639744)
2023-11-29 21:21:28,565 [INFO] BlockDiagram:2740 - set Specific Code input for plugin: NVIC
2023-11-29 21:21:28,566 [INFO] BlockDiagram:2740 - set Specific Code input for plugin: SYS
2023-11-29 21:21:28,566 [INFO] BlockDiagram:2740 - set Specific Code input for plugin: GPIO
2023-11-29 21:21:28,566 [INFO] BlockDiagram:2740 - set Specific Code input for plugin: RCC
2023-11-29 21:21:28,566 [INFO] BlockDiagram:2740 - set Specific Code input for plugin: TIM1_8F1
2023-11-29 21:21:28,566 [INFO] CodeGenerator:663 - code generatio: config db path: E:\STM32\STM32CubeIDE_1.7.0\STM32CubeIDE\plugins\com.st.stm32cube.common.mx_6.3.0.202107141111\\db\
2023-11-29 21:21:28,811 [INFO] CodeEngine:239 - oldGeneratedFile, E:\Microcontroller\lab4_microcontroller\lab4_SCH\MXTmpFiles\license.tmp_save
2023-11-29 21:21:29,039 [INFO] CodeEngine:257 - Generated code: E:\Microcontroller\lab4_microcontroller\lab4_SCH\MXTmpFiles\license.tmp
2023-11-29 21:21:29,199 [INFO] CodeEngine:239 - oldGeneratedFile, E:\Microcontroller\lab4_microcontroller\lab4_SCH\MXTmpFiles\gpio.tmp_save
2023-11-29 21:21:29,285 [INFO] CodeEngine:257 - Generated code: E:\Microcontroller\lab4_microcontroller\lab4_SCH\MXTmpFiles\gpio.tmp
2023-11-29 21:21:29,553 [INFO] CodeEngine:239 - oldGeneratedFile, E:\Microcontroller\lab4_microcontroller\lab4_SCH\Core\Src\stm32f1xx_it.c_save
2023-11-29 21:21:29,682 [INFO] CodeEngine:257 - Generated code: E:\Microcontroller\lab4_microcontroller\lab4_SCH\Core\Src\stm32f1xx_it.c
2023-11-29 21:21:29,683 [INFO] CodeEngine:239 - oldGeneratedFile, E:\Microcontroller\lab4_microcontroller\lab4_SCH\Core\Inc\stm32f1xx_it.h_save
2023-11-29 21:21:29,733 [INFO] CodeEngine:257 - Generated code: E:\Microcontroller\lab4_microcontroller\lab4_SCH\Core\Inc\stm32f1xx_it.h
2023-11-29 21:21:29,737 [INFO] CodeEngine:239 - oldGeneratedFile, E:\Microcontroller\lab4_microcontroller\lab4_SCH\Core\Src\stm32f1xx_hal_msp.c_save
2023-11-29 21:21:29,829 [INFO] CodeEngine:257 - Generated code: E:\Microcontroller\lab4_microcontroller\lab4_SCH\Core\Src\stm32f1xx_hal_msp.c
2023-11-29 21:21:29,831 [INFO] CodeEngine:239 - oldGeneratedFile, E:\Microcontroller\lab4_microcontroller\lab4_SCH\MXTmpFiles\system.tmp_save
2023-11-29 21:21:29,877 [INFO] CodeEngine:257 - Generated code: E:\Microcontroller\lab4_microcontroller\lab4_SCH\MXTmpFiles\system.tmp
2023-11-29 21:21:29,882 [INFO] CodeEngine:239 - oldGeneratedFile, E:\Microcontroller\lab4_microcontroller\lab4_SCH\Core\Inc\stm32f1xx_hal_conf.h_save
2023-11-29 21:21:29,969 [INFO] CodeEngine:257 - Generated code: E:\Microcontroller\lab4_microcontroller\lab4_SCH\Core\Inc\stm32f1xx_hal_conf.h
2023-11-29 21:21:29,991 [WARN] IPConfigManager:3148 - IP not found : TIM
2023-11-29 21:21:29,991 [WARN] CodeGenerator:3268 - IP not found : null
2023-11-29 21:21:29,995 [INFO] CodeEngine:239 - oldGeneratedFile, E:\Microcontroller\lab4_microcontroller\lab4_SCH\Core\Inc\main.h_save
2023-11-29 21:21:30,061 [INFO] CodeEngine:257 - Generated code: E:\Microcontroller\lab4_microcontroller\lab4_SCH\Core\Inc\main.h
2023-11-29 21:21:30,063 [INFO] CodeEngine:239 - oldGeneratedFile, E:\Microcontroller\lab4_microcontroller\lab4_SCH\Core\Src\main.c_save
2023-11-29 21:21:30,168 [INFO] CodeEngine:257 - Generated code: E:\Microcontroller\lab4_microcontroller\lab4_SCH\Core\Src\main.c
2023-11-29 21:21:31,049 [INFO] ProjectBuilder:2578 - Time for Copy HAL[1] : 53mS.
2023-11-29 21:21:31,053 [INFO] ProjectBuilder:3622 - Project Generator version: 3.14.1
2023-11-29 21:21:31,705 [INFO] ConfigFileManager:1271 - The Die is : DIE412
2023-11-29 21:21:31,729 [INFO] ApiDbMcu:468 - Load IP Config File for FATFS
2023-11-29 21:21:31,751 [INFO] ApiDbMcu:468 - Load IP Config File for FREERTOS
2023-11-29 21:21:31,767 [INFO] ApiDbMcu:468 - Load IP Config File for USB_DEVICE
2023-11-29 21:21:34,638 [INFO] ProjectBuilder:3789 - Time for Generating toolchain IDE Files: 3585mS.
2023-11-29 21:21:34,639 [INFO] ProjectBuilder:2457 - Time for Copy CMSIS : 0mS.
2023-11-29 21:21:34,640 [INFO] ProjectBuilder:2457 - Time for Copy CMSIS : 0mS.
2023-11-29 21:21:34,980 [INFO] McuFinderGlobals:52 - Set McuFinderConnectedMode to true
2023-11-29 21:21:34,981 [INFO] ApiDb:276 - Save user favorites file C:\Users\DELL/.stm32cubeide/favorites.mcus.txt: 0 item(s)
2023-11-29 21:21:34,981 [INFO] ApiDb:280 - User favorites MCUs=[]
2023-11-29 21:33:24,497 [INFO] MainUpdater:2671 - connection check result : 10
2023-11-29 21:33:24,593 [INFO] McuFinderGlobals:52 - Set McuFinderConnectedMode to false
2023-11-29 21:33:24,625 [INFO] CrossSelectorPresenter:1330 - Cross Selector saved comparison directory: C:\Users\DELL\.stmcufinder\plugins\mcufinder\mcu\cs_comparisons_mx
2023-11-29 21:33:24,626 [INFO] MultiScanPanel:197 - Auto-refresh data requested => check proxy status ongoing
2023-11-29 21:33:24,626 [INFO] MultiScanPanel:201 - Proxy status is invalid
2023-11-29 21:33:24,626 [INFO] FinderPluginLoader:87 - Searching for filters in installed packs
2023-11-29 21:33:24,877 [INFO] DetailPanel:309 - Set advertising image to C:/Users/DELL/STM32Cube/Repository/\en.prom-stm32wl3-mcu-finder.jpg
2023-11-29 21:33:36,417 [INFO] DbMcusDocs:143 - JSON generation date=Tue Nov 16 23:17:54 ICT 2021 (1637079474)
2023-11-29 21:33:36,598 [INFO] DbMcusDocs:79 - Found 682 MCUs documents
2023-11-29 21:33:44,052 [INFO] MainUpdater:2671 - connection check result : 10
2023-11-29 21:33:44,052 [INFO] MainUpdater:2671 - connection check result : 10
2023-11-29 21:33:44,079 [INFO] MicroXplorer:448 - Change Database Path : 
2023-11-29 21:33:44,079 [INFO] MicroXplorer:478 - Change Database Version : DB.6.0.30
2023-11-29 21:33:44,079 [WARN] ThirdParty:813 - waiting for thirdparty lock release [close project]
2023-11-29 21:33:44,079 [INFO] ThirdParty:815 - entering critical section [close project]
2023-11-29 21:33:44,079 [INFO] ThirdParty:825 - exiting critical section [close project]
2023-11-29 21:33:44,080 [INFO] PinOutPanel:1463 - setPackage(No Configuration,No Configuration)
2023-11-29 21:33:44,092 [INFO] UtilMem:74 - Begin LoadConfig() Used Memory: 803104224 Bytes (946864128)
2023-11-29 21:33:44,093 [INFO] MicroXplorer:448 - Change Database Path : 
2023-11-29 21:33:44,093 [INFO] MicroXplorer:478 - Change Database Version : DB.6.0.30
2023-11-29 21:33:44,093 [INFO] OpenFileManager:313 - Change cursor
2023-11-29 21:33:44,105 [INFO] RulesReader:57 - Compatibility file has been processed (242 Rules)
2023-11-29 21:33:44,474 [INFO] Context:592 - Trying to add GPIOservice into a context  which must be forbidden
2023-11-29 21:33:44,568 [INFO] ImportTextPane:167 - (OptionalMessage_ERROR) Unable to find key (Mcu.ThirdPartyNb) in loaded IOC file
2023-11-29 21:33:44,568 [INFO] ImportTextPane:167 - (OptionalMessage_ERROR) Unable to find key (Mcu.PinsNb) in loaded IOC file
2023-11-29 21:33:44,568 [INFO] ImportTextPane:167 - (OptionalMessage_ERROR) Unable to find key (Mcu.IPNb) in loaded IOC file
2023-11-29 21:33:44,577 [WARN] ApiManager:304 - Cannot register API 'Board Extension:GNSS1A1' from pack STMicroelectronics.X-CUBE-GNSS1.6.0.0: no header file found
2023-11-29 21:33:44,577 [WARN] ApiManager:304 - Cannot register API 'Board Support:Custom' from pack STMicroelectronics.X-CUBE-GNSS1.6.0.0: no header file found
2023-11-29 21:33:44,577 [WARN] ApiManager:304 - Cannot register API 'Data Exchange:lib_gnss' from pack STMicroelectronics.X-CUBE-GNSS1.6.0.0: no header file found
2023-11-29 21:33:44,744 [WARN] ApiManager:304 - Cannot register API 'Board Extension:IKS01A3' from pack STMicroelectronics.X-CUBE-MEMS1.9.6.0: no header file found
2023-11-29 21:33:44,745 [WARN] ApiManager:304 - Cannot register API 'Board Extension:IKS01A2' from pack STMicroelectronics.X-CUBE-MEMS1.9.6.0: no header file found
2023-11-29 21:33:44,745 [WARN] ApiManager:304 - Cannot register API 'Board Extension:IKS02A1' from pack STMicroelectronics.X-CUBE-MEMS1.9.6.0: no header file found
2023-11-29 21:33:44,748 [WARN] ApiManager:304 - Cannot register API 'Board Extension:EEPRMA2' from pack STMicroelectronics.X-CUBE-EEPRMA1.4.2.0: no header file found
2023-11-29 21:33:44,749 [WARN] ApiManager:304 - Cannot register API 'Board Extension:PGEEZ1' from pack STMicroelectronics.X-CUBE-EEPRMA1.4.2.0: no header file found
2023-11-29 21:33:44,749 [WARN] ApiManager:304 - Cannot register API 'Board Part:M24' from pack STMicroelectronics.X-CUBE-EEPRMA1.4.2.0: no header file found
2023-11-29 21:33:44,749 [WARN] ApiManager:304 - Cannot register API 'Board Part:M95' from pack STMicroelectronics.X-CUBE-EEPRMA1.4.2.0: no header file found
2023-11-29 21:33:44,749 [WARN] ApiManager:304 - Cannot register API 'Board Part:M95P32' from pack STMicroelectronics.X-CUBE-EEPRMA1.4.2.0: no header file found
2023-11-29 21:33:44,749 [WARN] ApiManager:304 - Cannot register API 'PGEEZ1:SPI' from pack STMicroelectronics.X-CUBE-EEPRMA1.4.2.0: no header file found
2023-11-29 21:33:44,749 [WARN] ApiManager:304 - Cannot register API 'PGEEZ1:QDSPI' from pack STMicroelectronics.X-CUBE-EEPRMA1.4.2.0: no header file found
2023-11-29 21:33:44,749 [INFO] RtosManager:484 - Registered RTOS mode: class=CMSIS, group=RTOS, mode=CMSIS_V1, owner=FREERTOS
2023-11-29 21:33:44,749 [INFO] RtosManager:484 - Registered RTOS mode: class=CMSIS, group=RTOS2, mode=CMSIS_V2, owner=FREERTOS
2023-11-29 21:33:44,749 [INFO] RtosManager:484 - Registered RTOS mode: class=RTOS, group=Core, mode=CMSIS_V1, owner=FREERTOS
2023-11-29 21:33:44,749 [INFO] RtosManager:484 - Registered RTOS mode: class=RTOS, group=Core, mode=CMSIS_V2, owner=FREERTOS
2023-11-29 21:33:44,749 [WARN] ModelIntegratedComponent:181 - Missing modes for component STMicroelectronics:FreeRTOS:0.0.1:STMicroelectronics:RTOS:FreeRTOS:Core:::10.2.0:
2023-11-29 21:33:44,751 [WARN] ApiManager:304 - Cannot register API 'Board Extension:NFC04A1' from pack STMicroelectronics.X-CUBE-NFC4.3.0.0: no header file found
2023-11-29 21:33:44,752 [WARN] ApiManager:304 - Cannot register API 'Board Extension:S2868A1' from pack STMicroelectronics.X-CUBE-SUBG2.5.0.0: no header file found
2023-11-29 21:33:44,753 [WARN] ApiManager:304 - Cannot register API 'Board Extension:S2868A2' from pack STMicroelectronics.X-CUBE-SUBG2.5.0.0: no header file found
2023-11-29 21:33:44,753 [WARN] ApiManager:304 - Cannot register API 'Board Extension:S2915A1' from pack STMicroelectronics.X-CUBE-SUBG2.5.0.0: no header file found
2023-11-29 21:33:44,754 [WARN] ApiManager:304 - Cannot register API 'Wireless:BlueNRG-MS' from pack STMicroelectronics.X-CUBE-BLE1.7.0.0: no header file found
2023-11-29 21:33:44,755 [WARN] ModelIntegratedComponent:60 - No mode defined for component null
2023-11-29 21:33:44,755 [WARN] ModelIntegratedComponent:60 - No mode defined for component null
2023-11-29 21:33:44,755 [WARN] ModelIntegratedComponent:60 - No mode defined for component null
2023-11-29 21:33:44,755 [WARN] ModelIntegratedComponent:60 - No mode defined for component null
2023-11-29 21:33:44,755 [WARN] ModelIntegratedComponent:60 - No mode defined for component null
2023-11-29 21:33:44,755 [WARN] ModelIntegratedComponent:60 - No mode defined for component null
2023-11-29 21:33:44,755 [WARN] ModelIntegratedComponent:60 - No mode defined for component null
2023-11-29 21:33:44,755 [WARN] ModelIntegratedComponent:60 - No mode defined for component null
2023-11-29 21:33:44,755 [WARN] ModelIntegratedComponent:60 - No mode defined for component null
2023-11-29 21:33:44,755 [WARN] ModelIntegratedComponent:60 - No mode defined for component null
2023-11-29 21:33:44,755 [WARN] ModelIntegratedComponent:60 - No mode defined for component null
2023-11-29 21:33:44,755 [WARN] ModelIntegratedComponent:60 - No mode defined for component null
2023-11-29 21:33:44,755 [WARN] ModelIntegratedComponent:60 - No mode defined for component null
2023-11-29 21:33:44,755 [WARN] ModelIntegratedComponent:60 - No mode defined for component null
2023-11-29 21:33:44,755 [WARN] ModelIntegratedComponent:60 - No mode defined for component null
2023-11-29 21:33:44,755 [WARN] ModelIntegratedComponent:60 - No mode defined for component null
2023-11-29 21:33:44,755 [WARN] ModelIntegratedComponent:60 - No mode defined for component null
2023-11-29 21:33:44,755 [WARN] ModelIntegratedComponent:60 - No mode defined for component null
2023-11-29 21:33:44,756 [WARN] ModelIntegratedComponent:60 - No mode defined for component null
2023-11-29 21:33:44,756 [WARN] ModelIntegratedComponent:60 - No mode defined for component null
2023-11-29 21:33:44,756 [WARN] ModelIntegratedComponent:60 - No mode defined for component null
2023-11-29 21:33:44,756 [WARN] ModelIntegratedComponent:60 - No mode defined for component null
2023-11-29 21:33:44,756 [WARN] ModelIntegratedComponent:60 - No mode defined for component null
2023-11-29 21:33:44,756 [WARN] ModelIntegratedComponent:60 - No mode defined for component null
2023-11-29 21:33:44,756 [WARN] ModelIntegratedComponent:60 - No mode defined for component null
2023-11-29 21:33:44,756 [WARN] ModelIntegratedComponent:60 - No mode defined for component null
2023-11-29 21:33:44,756 [WARN] ModelIntegratedComponent:60 - No mode defined for component null
2023-11-29 21:33:44,756 [WARN] ModelIntegratedComponent:60 - No mode defined for component null
2023-11-29 21:33:44,756 [WARN] ModelIntegratedComponent:60 - No mode defined for component null
2023-11-29 21:33:44,756 [WARN] ModelIntegratedComponent:60 - No mode defined for component null
2023-11-29 21:33:44,756 [WARN] ModelIntegratedComponent:60 - No mode defined for component null
2023-11-29 21:33:44,885 [WARN] ApiManager:304 - Cannot register API 'Board Extension:IKS01A3' from pack STMicroelectronics.X-CUBE-MEMS1.10.0.0: no header file found
2023-11-29 21:33:44,885 [WARN] ApiManager:304 - Cannot register API 'Board Extension:IKS02A1' from pack STMicroelectronics.X-CUBE-MEMS1.10.0.0: no header file found
2023-11-29 21:33:44,885 [WARN] ApiManager:304 - Cannot register API 'Board Extension:IKS4A1' from pack STMicroelectronics.X-CUBE-MEMS1.10.0.0: no header file found
2023-11-29 21:33:44,891 [WARN] ApiManager:304 - Cannot register API 'Board Extension:NFC07A1' from pack STMicroelectronics.X-CUBE-NFC7.1.0.1: no header file found
2023-11-29 21:33:44,892 [WARN] ApiManager:304 - Cannot register API 'Board Extension:NFC06A1' from pack STMicroelectronics.X-CUBE-NFC6.3.0.0: no header file found
2023-11-29 21:33:44,892 [WARN] ApiManager:304 - Cannot register API 'Board Extension:NFC08A1' from pack STMicroelectronics.X-CUBE-NFC6.3.0.0: no header file found
2023-11-29 21:33:44,893 [WARN] ApiManager:304 - Cannot register API 'Board Extension:EEPRMA1' from pack STMicroelectronics.X-CUBE-EEPRMA1.4.1.0: no header file found
2023-11-29 21:33:44,893 [WARN] ApiManager:304 - Cannot register API 'Board Extension:EEPRMA2' from pack STMicroelectronics.X-CUBE-EEPRMA1.4.1.0: no header file found
2023-11-29 21:33:44,893 [WARN] ApiManager:304 - Cannot register API 'Board Extension:PGEEZ1' from pack STMicroelectronics.X-CUBE-EEPRMA1.4.1.0: no header file found
2023-11-29 21:33:44,893 [WARN] ApiManager:304 - Cannot register API 'Board Part:M24' from pack STMicroelectronics.X-CUBE-EEPRMA1.4.1.0: no header file found
2023-11-29 21:33:44,893 [WARN] ApiManager:304 - Cannot register API 'Board Part:M95' from pack STMicroelectronics.X-CUBE-EEPRMA1.4.1.0: no header file found
2023-11-29 21:33:44,894 [WARN] ApiManager:304 - Cannot register API 'Board Part:M95P32' from pack STMicroelectronics.X-CUBE-EEPRMA1.4.1.0: no header file found
2023-11-29 21:33:44,894 [WARN] ApiManager:304 - Cannot register API 'PGEEZ1:SPI' from pack STMicroelectronics.X-CUBE-EEPRMA1.4.1.0: no header file found
2023-11-29 21:33:44,894 [WARN] ApiManager:304 - Cannot register API 'PGEEZ1:QDSPI' from pack STMicroelectronics.X-CUBE-EEPRMA1.4.1.0: no header file found
2023-11-29 21:33:44,899 [WARN] ApiManager:304 - Cannot register API 'Board Extension:S2868A1' from pack STMicroelectronics.X-CUBE-SFXS2LP1.4.0.0: no header file found
2023-11-29 21:33:44,899 [WARN] ApiManager:304 - Cannot register API 'Board Extension:S2868A2' from pack STMicroelectronics.X-CUBE-SFXS2LP1.4.0.0: no header file found
2023-11-29 21:33:44,899 [WARN] ApiManager:304 - Cannot register API 'Board Extension:S2915A1' from pack STMicroelectronics.X-CUBE-SFXS2LP1.4.0.0: no header file found
2023-11-29 21:33:44,900 [WARN] ApiManager:304 - Cannot register API 'Wireless:BlueNRG-2' from pack STMicroelectronics.X-CUBE-BLE2.3.3.0: no header file found
2023-11-29 21:33:46,850 [INFO] UtilMem:74 - End LoadConfig() Used Memory: 827982112 Bytes (946864128)
2023-11-29 21:33:46,850 [WARN] ThirdParty:779 - waiting for thirdparty lock release [change project]
2023-11-29 21:33:46,851 [INFO] ThirdParty:781 - entering critical section [change project]
2023-11-29 21:33:46,851 [INFO] ThirdParty:967 - CMSIS Pack Vendor :STMicroelectronics X-CUBE-ISPU 1.1.0
2023-11-29 21:33:46,851 [INFO] ThirdParty:967 - CMSIS Pack Vendor :STMicroelectronics X-CUBE-GNSS1 6.0.0
2023-11-29 21:33:46,851 [INFO] ThirdParty:967 - CMSIS Pack Vendor :STMicroelectronics USB_HOST 2.0.0
2023-11-29 21:33:46,851 [INFO] ThirdParty:967 - CMSIS Pack Vendor :STMicroelectronics X-CUBE-AZRTOS-F4 1.1.0
2023-11-29 21:33:46,851 [INFO] ThirdParty:967 - CMSIS Pack Vendor :wolfSSL I-CUBE-wolfSSL 5.6.3
2023-11-29 21:33:46,851 [INFO] ThirdParty:967 - CMSIS Pack Vendor :STMicroelectronics USB_DEVICE 3.0.0
2023-11-29 21:33:46,851 [INFO] ThirdParty:967 - CMSIS Pack Vendor :STMicroelectronics X-CUBE-AZRTOS-WB 2.0.0
2023-11-29 21:33:46,851 [INFO] ThirdParty:967 - CMSIS Pack Vendor :STMicroelectronics X-CUBE-AZRTOS-F7 1.1.0
2023-11-29 21:33:46,851 [INFO] ThirdParty:967 - CMSIS Pack Vendor :STMicroelectronics X-CUBE-AZRTOS-L5 2.0.0
2023-11-29 21:33:46,851 [INFO] ThirdParty:967 - CMSIS Pack Vendor :STMicroelectronics USB_DEVICE 2.0.0
2023-11-29 21:33:46,851 [INFO] ThirdParty:967 - CMSIS Pack Vendor :STMicroelectronics X-CUBE-MEMS1 9.6.0
2023-11-29 21:33:46,851 [INFO] ThirdParty:967 - CMSIS Pack Vendor :STMicroelectronics X-CUBE-EEPRMA1 4.2.0
2023-11-29 21:33:46,851 [INFO] ThirdParty:967 - CMSIS Pack Vendor :STMicroelectronics X-CUBE-ALGOBUILD 1.3.0
2023-11-29 21:33:46,851 [INFO] ThirdParty:967 - CMSIS Pack Vendor :STMicroelectronics FreeRTOS 0.0.1
2023-11-29 21:33:46,851 [INFO] ThirdParty:967 - CMSIS Pack Vendor :STMicroelectronics X-CUBE-AZRTOS-G0 1.1.0
2023-11-29 21:33:46,851 [INFO] ThirdParty:967 - CMSIS Pack Vendor :STMicroelectronics X-CUBE-BLEMGR 2.0.0
2023-11-29 21:33:46,851 [INFO] ThirdParty:967 - CMSIS Pack Vendor :STMicroelectronics X-CUBE-NFC4 3.0.0
2023-11-29 21:33:46,851 [INFO] ThirdParty:967 - CMSIS Pack Vendor :STMicroelectronics X-CUBE-SUBG2 5.0.0
2023-11-29 21:33:46,851 [INFO] ThirdParty:967 - CMSIS Pack Vendor :STMicroelectronics lwIP 2.0.3
2023-11-29 21:33:46,851 [INFO] ThirdParty:967 - CMSIS Pack Vendor :STMicroelectronics USB_HOST 1.0.0
2023-11-29 21:33:46,851 [INFO] ThirdParty:967 - CMSIS Pack Vendor :STMicroelectronics X-CUBE-AZRTOS-G4 2.0.0
2023-11-29 21:33:46,851 [INFO] ThirdParty:967 - CMSIS Pack Vendor :STMicroelectronics PDM2PCM 3.1.0
2023-11-29 21:33:46,851 [INFO] ThirdParty:967 - CMSIS Pack Vendor :STMicroelectronics X-CUBE-AZRTOS-H7 3.1.0
2023-11-29 21:33:46,851 [INFO] ThirdParty:967 - CMSIS Pack Vendor :STMicroelectronics PDM2PCM 3.3.0
2023-11-29 21:33:46,851 [INFO] ThirdParty:967 - CMSIS Pack Vendor :STMicroelectronics X-CUBE-BLE1 7.0.0
2023-11-29 21:33:46,851 [INFO] ThirdParty:967 - CMSIS Pack Vendor :STMicroelectronics FP-ATR-SIGFOX1 3.2.0
2023-11-29 21:33:46,851 [INFO] ThirdParty:967 - CMSIS Pack Vendor :STMicroelectronics HAL Drivers 0.0.0
2023-11-29 21:33:46,851 [INFO] ThirdParty:967 - CMSIS Pack Vendor :STMicroelectronics MBEDTLS 2.16.2
2023-11-29 21:33:46,851 [INFO] ThirdParty:967 - CMSIS Pack Vendor :STMicroelectronics X-CUBE-MEMS1 10.0.0
2023-11-29 21:33:46,851 [INFO] ThirdParty:967 - CMSIS Pack Vendor :STMicroelectronics X-CUBE-TOUCHGFX 4.22.0
2023-11-29 21:33:46,851 [INFO] ThirdParty:967 - CMSIS Pack Vendor :STMicroelectronics X-CUBE-NFC7 1.0.1
2023-11-29 21:33:46,852 [INFO] ThirdParty:967 - CMSIS Pack Vendor :STMicroelectronics MBEDTLS 2.14.1
2023-11-29 21:33:46,852 [INFO] ThirdParty:967 - CMSIS Pack Vendor :STMicroelectronics X-CUBE-TOUCHGFX 4.22.1
2023-11-29 21:33:46,852 [INFO] ThirdParty:967 - CMSIS Pack Vendor :STMicroelectronics X-CUBE-NFC6 3.0.0
2023-11-29 21:33:46,852 [INFO] ThirdParty:967 - CMSIS Pack Vendor :STMicroelectronics X-CUBE-EEPRMA1 4.1.0
2023-11-29 21:33:46,852 [INFO] ThirdParty:967 - CMSIS Pack Vendor :portGmbH I-Cube-SoM-uGOAL 1.1.0
2023-11-29 21:33:46,852 [INFO] ThirdParty:967 - CMSIS Pack Vendor :STMicroelectronics X-CUBE-ALS 1.0.1
2023-11-29 21:33:46,852 [INFO] ThirdParty:967 - CMSIS Pack Vendor :STMicroelectronics X-CUBE-AZRTOS-WL 2.0.0
2023-11-29 21:33:46,852 [INFO] ThirdParty:967 - CMSIS Pack Vendor :SEGGER I-CUBE-embOS 1.3.1
2023-11-29 21:33:46,852 [INFO] ThirdParty:967 - CMSIS Pack Vendor :STMicroelectronics USB_DEVICE 1.0.0
2023-11-29 21:33:46,852 [INFO] ThirdParty:967 - CMSIS Pack Vendor :STMicroelectronics X-CUBE-AI 8.1.0
2023-11-29 21:33:46,852 [INFO] ThirdParty:967 - CMSIS Pack Vendor :STMicroelectronics X-CUBE-AZRTOS-L4 2.0.0
2023-11-29 21:33:46,852 [INFO] ThirdParty:967 - CMSIS Pack Vendor :STMicroelectronics ThreadX 0.0.2
2023-11-29 21:33:46,852 [INFO] ThirdParty:967 - CMSIS Pack Vendor :WES I-CUBE-Cesium 1.3.0
2023-11-29 21:33:46,852 [INFO] ThirdParty:967 - CMSIS Pack Vendor :STMicroelectronics FP-ATR-ASTRA1 2.0.0
2023-11-29 21:33:46,852 [INFO] ThirdParty:967 - CMSIS Pack Vendor :STMicroelectronics lwIP 2.1.2
2023-11-29 21:33:46,852 [INFO] ThirdParty:967 - CMSIS Pack Vendor :STMicroelectronics X-CUBE-SFXS2LP1 4.0.0
2023-11-29 21:33:46,852 [INFO] ThirdParty:967 - CMSIS Pack Vendor :STMicroelectronics X-CUBE-BLE2 3.3.0
2023-11-29 21:33:46,852 [INFO] ThirdParty:967 - CMSIS Pack Vendor :STMicroelectronics PDM2PCM 3.2.0
2023-11-29 21:33:46,852 [INFO] ThirdParty:787 - exiting critical section [change project]
2023-11-29 21:33:46,916 [INFO] PinOutPanel:1463 - setPackage(No Configuration,No Configuration)
2023-11-29 21:33:46,917 [INFO] PinOutPanel:1463 - setPackage(STM32F103C6Tx,LQFP48)
2023-11-29 21:33:47,059 [INFO] UtilMem:74 - Before build in PCC Used Memory: 776530192 Bytes (946864128)
2023-11-29 21:33:47,213 [INFO] UtilMem:74 - After build in PCC Used Memory: 775669096 Bytes (946864128)
2023-11-29 21:33:47,224 [INFO] IPUIPlugin:74 - create IPUIPlugin
2023-11-29 21:33:47,224 [INFO] IPUIPlugin:74 - create IPUIPlugin
2023-11-29 21:33:47,224 [INFO] IPUIPlugin:74 - create IPUIPlugin
2023-11-29 21:33:47,224 [INFO] IPUIPlugin:74 - create IPUIPlugin
2023-11-29 21:33:47,224 [INFO] IPUIPlugin:74 - create IPUIPlugin
2023-11-29 21:33:47,224 [INFO] IPUIPlugin:74 - create IPUIPlugin
2023-11-29 21:33:47,224 [INFO] IPUIPlugin:74 - create IPUIPlugin
2023-11-29 21:33:47,224 [INFO] IPUIPlugin:74 - create IPUIPlugin
2023-11-29 21:33:47,224 [INFO] IPUIPlugin:74 - create IPUIPlugin
2023-11-29 21:33:47,225 [INFO] IPUIPlugin:74 - create IPUIPlugin
2023-11-29 21:33:47,225 [INFO] IPUIPlugin:74 - create IPUIPlugin
2023-11-29 21:33:47,225 [INFO] IPUIPlugin:74 - create IPUIPlugin
2023-11-29 21:33:47,225 [INFO] IPUIPlugin:74 - create IPUIPlugin
2023-11-29 21:33:47,225 [INFO] IPUIPlugin:74 - create IPUIPlugin
2023-11-29 21:33:47,225 [INFO] IPUIPlugin:74 - create IPUIPlugin
2023-11-29 21:33:47,226 [INFO] IPUIPlugin:74 - create IPUIPlugin
2023-11-29 21:33:47,226 [INFO] IPUIPlugin:74 - create IPUIPlugin
2023-11-29 21:33:47,226 [INFO] IPUIPlugin:74 - create IPUIPlugin
2023-11-29 21:33:47,226 [INFO] IPUIPlugin:74 - create IPUIPlugin
2023-11-29 21:33:47,226 [INFO] IPUIPlugin:74 - create IPUIPlugin
2023-11-29 21:33:47,227 [INFO] IPUIPlugin:74 - create IPUIPlugin
2023-11-29 21:33:47,227 [INFO] IPUIPlugin:74 - create IPUIPlugin
2023-11-29 21:33:47,228 [INFO] IPUIPlugin:74 - create IPUIPlugin
2023-11-29 21:33:47,234 [INFO] OpenFileManager:333 - Restore cursor
2023-11-29 21:33:47,371 [INFO] UtilMem:74 - End SaveConfig() Used Memory: 835053680 Bytes (946864128)
2023-11-29 21:33:47,410 [INFO] UtilMem:74 - End SaveConfig() Used Memory: 784872304 Bytes (946864128)
2023-11-29 21:33:47,596 [INFO] BlockDiagram:2740 - set Specific Code input for plugin: NVIC
2023-11-29 21:33:47,597 [INFO] BlockDiagram:2740 - set Specific Code input for plugin: SYS
2023-11-29 21:33:47,597 [INFO] BlockDiagram:2740 - set Specific Code input for plugin: RCC
2023-11-29 21:33:47,597 [INFO] CodeGenerator:663 - code generatio: config db path: E:\STM32\STM32CubeIDE_1.7.0\STM32CubeIDE\plugins\com.st.stm32cube.common.mx_6.3.0.202107141111\\db\
2023-11-29 21:33:47,800 [INFO] CodeEngine:239 - oldGeneratedFile, E:\Microcontroller\lab4_microcontroller\lab4_SCH\MXTmpFiles\license.tmp_save
2023-11-29 21:33:47,844 [INFO] CodeEngine:257 - Generated code: E:\Microcontroller\lab4_microcontroller\lab4_SCH\MXTmpFiles\license.tmp
2023-11-29 21:33:47,861 [INFO] CodeEngine:239 - oldGeneratedFile, E:\Microcontroller\lab4_microcontroller\lab4_SCH\Core\Src\stm32f1xx_it.c_save
2023-11-29 21:33:47,932 [INFO] CodeEngine:257 - Generated code: E:\Microcontroller\lab4_microcontroller\lab4_SCH\Core\Src\stm32f1xx_it.c
2023-11-29 21:33:47,934 [INFO] CodeEngine:239 - oldGeneratedFile, E:\Microcontroller\lab4_microcontroller\lab4_SCH\Core\Inc\stm32f1xx_it.h_save
2023-11-29 21:33:47,987 [INFO] CodeEngine:257 - Generated code: E:\Microcontroller\lab4_microcontroller\lab4_SCH\Core\Inc\stm32f1xx_it.h
2023-11-29 21:33:47,992 [INFO] CodeEngine:239 - oldGeneratedFile, E:\Microcontroller\lab4_microcontroller\lab4_SCH\Core\Src\stm32f1xx_hal_msp.c_save
2023-11-29 21:33:48,107 [INFO] CodeEngine:257 - Generated code: E:\Microcontroller\lab4_microcontroller\lab4_SCH\Core\Src\stm32f1xx_hal_msp.c
2023-11-29 21:33:48,110 [INFO] CodeEngine:239 - oldGeneratedFile, E:\Microcontroller\lab4_microcontroller\lab4_SCH\MXTmpFiles\system.tmp_save
2023-11-29 21:33:48,160 [INFO] CodeEngine:257 - Generated code: E:\Microcontroller\lab4_microcontroller\lab4_SCH\MXTmpFiles\system.tmp
2023-11-29 21:33:48,164 [INFO] CodeEngine:239 - oldGeneratedFile, E:\Microcontroller\lab4_microcontroller\lab4_SCH\Core\Inc\stm32f1xx_hal_conf.h_save
2023-11-29 21:33:48,232 [INFO] CodeEngine:257 - Generated code: E:\Microcontroller\lab4_microcontroller\lab4_SCH\Core\Inc\stm32f1xx_hal_conf.h
2023-11-29 21:33:48,256 [INFO] CodeEngine:239 - oldGeneratedFile, E:\Microcontroller\lab4_microcontroller\lab4_SCH\Core\Inc\main.h_save
2023-11-29 21:33:48,332 [INFO] CodeEngine:257 - Generated code: E:\Microcontroller\lab4_microcontroller\lab4_SCH\Core\Inc\main.h
2023-11-29 21:33:48,334 [INFO] CodeEngine:239 - oldGeneratedFile, E:\Microcontroller\lab4_microcontroller\lab4_SCH\Core\Src\main.c_save
2023-11-29 21:33:48,407 [INFO] CodeEngine:257 - Generated code: E:\Microcontroller\lab4_microcontroller\lab4_SCH\Core\Src\main.c
2023-11-29 21:33:48,989 [INFO] ProjectBuilder:2578 - Time for Copy HAL[1] : 39mS.
2023-11-29 21:33:48,992 [INFO] ProjectBuilder:3622 - Project Generator version: 3.14.1
2023-11-29 21:33:49,340 [INFO] ConfigFileManager:1271 - The Die is : DIE412
2023-11-29 21:33:49,344 [INFO] ApiDbMcu:468 - Load IP Config File for FATFS
2023-11-29 21:33:49,361 [INFO] ApiDbMcu:468 - Load IP Config File for FREERTOS
2023-11-29 21:33:49,375 [INFO] ApiDbMcu:468 - Load IP Config File for USB_DEVICE
2023-11-29 21:33:51,390 [INFO] ProjectBuilder:3789 - Time for Generating toolchain IDE Files: 2398mS.
2023-11-29 21:33:51,390 [INFO] ProjectBuilder:2457 - Time for Copy CMSIS : 0mS.
2023-11-29 21:33:51,391 [INFO] ProjectBuilder:2457 - Time for Copy CMSIS : 0mS.
2023-11-29 21:33:51,622 [INFO] McuFinderGlobals:52 - Set McuFinderConnectedMode to true
2023-11-29 21:33:51,624 [INFO] ApiDb:276 - Save user favorites file C:\Users\DELL/.stm32cubeide/favorites.mcus.txt: 0 item(s)
2023-11-29 21:33:51,625 [INFO] ApiDb:280 - User favorites MCUs=[]
2023-11-29 21:34:17,402 [INFO] UtilMem:74 - End SaveConfig() Used Memory: 818018504 Bytes (1073741824)
2023-11-29 21:34:31,161 [INFO] UtilMem:74 - End SaveConfig() Used Memory: 941371064 Bytes (1073741824)
2023-11-29 21:34:31,615 [INFO] UtilMem:74 - End SaveConfig() Used Memory: 731016584 Bytes (1073741824)
2023-11-29 21:34:33,595 [INFO] UtilMem:74 - End SaveConfig() Used Memory: 749230096 Bytes (1073741824)
2023-11-29 21:34:33,822 [INFO] BlockDiagram:2740 - set Specific Code input for plugin: NVIC
2023-11-29 21:34:33,822 [INFO] BlockDiagram:2740 - set Specific Code input for plugin: SYS
2023-11-29 21:34:33,823 [INFO] BlockDiagram:2740 - set Specific Code input for plugin: GPIO
2023-11-29 21:34:33,823 [INFO] BlockDiagram:2740 - set Specific Code input for plugin: RCC
2023-11-29 21:34:33,823 [INFO] CodeGenerator:663 - code generatio: config db path: E:\STM32\STM32CubeIDE_1.7.0\STM32CubeIDE\plugins\com.st.stm32cube.common.mx_6.3.0.202107141111\\db\
2023-11-29 21:34:34,010 [INFO] CodeEngine:239 - oldGeneratedFile, E:\Microcontroller\lab4_microcontroller\lab4_SCH\MXTmpFiles\license.tmp_save
2023-11-29 21:34:34,053 [INFO] CodeEngine:257 - Generated code: E:\Microcontroller\lab4_microcontroller\lab4_SCH\MXTmpFiles\license.tmp
2023-11-29 21:34:34,068 [INFO] CodeEngine:239 - oldGeneratedFile, E:\Microcontroller\lab4_microcontroller\lab4_SCH\MXTmpFiles\gpio.tmp_save
2023-11-29 21:34:34,176 [INFO] CodeEngine:257 - Generated code: E:\Microcontroller\lab4_microcontroller\lab4_SCH\MXTmpFiles\gpio.tmp
2023-11-29 21:34:34,195 [INFO] CodeEngine:239 - oldGeneratedFile, E:\Microcontroller\lab4_microcontroller\lab4_SCH\Core\Src\stm32f1xx_it.c_save
2023-11-29 21:34:34,247 [INFO] CodeEngine:257 - Generated code: E:\Microcontroller\lab4_microcontroller\lab4_SCH\Core\Src\stm32f1xx_it.c
2023-11-29 21:34:34,249 [INFO] CodeEngine:239 - oldGeneratedFile, E:\Microcontroller\lab4_microcontroller\lab4_SCH\Core\Inc\stm32f1xx_it.h_save
2023-11-29 21:34:34,291 [INFO] CodeEngine:257 - Generated code: E:\Microcontroller\lab4_microcontroller\lab4_SCH\Core\Inc\stm32f1xx_it.h
2023-11-29 21:34:34,302 [INFO] CodeEngine:239 - oldGeneratedFile, E:\Microcontroller\lab4_microcontroller\lab4_SCH\Core\Src\stm32f1xx_hal_msp.c_save
2023-11-29 21:34:34,360 [INFO] CodeEngine:257 - Generated code: E:\Microcontroller\lab4_microcontroller\lab4_SCH\Core\Src\stm32f1xx_hal_msp.c
2023-11-29 21:34:34,361 [INFO] CodeEngine:239 - oldGeneratedFile, E:\Microcontroller\lab4_microcontroller\lab4_SCH\MXTmpFiles\system.tmp_save
2023-11-29 21:34:34,394 [INFO] CodeEngine:257 - Generated code: E:\Microcontroller\lab4_microcontroller\lab4_SCH\MXTmpFiles\system.tmp
2023-11-29 21:34:34,403 [INFO] CodeEngine:239 - oldGeneratedFile, E:\Microcontroller\lab4_microcontroller\lab4_SCH\Core\Inc\stm32f1xx_hal_conf.h_save
2023-11-29 21:34:34,490 [INFO] CodeEngine:257 - Generated code: E:\Microcontroller\lab4_microcontroller\lab4_SCH\Core\Inc\stm32f1xx_hal_conf.h
2023-11-29 21:34:34,514 [INFO] CodeEngine:239 - oldGeneratedFile, E:\Microcontroller\lab4_microcontroller\lab4_SCH\Core\Inc\main.h_save
2023-11-29 21:34:34,582 [INFO] CodeEngine:257 - Generated code: E:\Microcontroller\lab4_microcontroller\lab4_SCH\Core\Inc\main.h
2023-11-29 21:34:34,592 [INFO] CodeEngine:239 - oldGeneratedFile, E:\Microcontroller\lab4_microcontroller\lab4_SCH\Core\Src\main.c_save
2023-11-29 21:34:34,670 [INFO] CodeEngine:257 - Generated code: E:\Microcontroller\lab4_microcontroller\lab4_SCH\Core\Src\main.c
2023-11-29 21:34:35,397 [INFO] ProjectBuilder:2578 - Time for Copy HAL[1] : 41mS.
2023-11-29 21:34:35,400 [INFO] ProjectBuilder:3622 - Project Generator version: 3.14.1
2023-11-29 21:34:35,759 [INFO] ConfigFileManager:1271 - The Die is : DIE412
2023-11-29 21:34:37,638 [INFO] ProjectBuilder:3789 - Time for Generating toolchain IDE Files: 2238mS.
2023-11-29 21:34:37,638 [INFO] ProjectBuilder:2457 - Time for Copy CMSIS : 0mS.
2023-11-29 21:34:37,639 [INFO] ProjectBuilder:2457 - Time for Copy CMSIS : 0mS.
2023-11-29 21:47:34,822 [INFO] NvicIntPanel:96 - NVIC parent = com.st.microxplorer.plugins.ip.nvic.MultiNvicIntPanel[,0,0,450x186,layout=javax.swing.BoxLayout,alignmentX=0.0,alignmentY=0.0,border=,flags=9,maximumSize=,minimumSize=,preferredSize=]
2023-11-29 21:47:40,777 [INFO] UtilMem:74 - End SaveConfig() Used Memory: 810948592 Bytes (1073741824)
2023-11-29 21:47:41,761 [INFO] UtilMem:74 - End SaveConfig() Used Memory: 828682824 Bytes (1073741824)
2023-11-29 21:47:42,903 [INFO] UtilMem:74 - End SaveConfig() Used Memory: 910041072 Bytes (1073741824)
2023-11-29 21:47:43,113 [INFO] BlockDiagram:2740 - set Specific Code input for plugin: NVIC
2023-11-29 21:47:43,113 [INFO] BlockDiagram:2740 - set Specific Code input for plugin: SYS
2023-11-29 21:47:43,114 [INFO] BlockDiagram:2740 - set Specific Code input for plugin: GPIO
2023-11-29 21:47:43,114 [INFO] BlockDiagram:2740 - set Specific Code input for plugin: RCC
2023-11-29 21:47:43,114 [INFO] BlockDiagram:2740 - set Specific Code input for plugin: TIM1_8F1
2023-11-29 21:47:43,114 [INFO] CodeGenerator:663 - code generatio: config db path: E:\STM32\STM32CubeIDE_1.7.0\STM32CubeIDE\plugins\com.st.stm32cube.common.mx_6.3.0.202107141111\\db\
2023-11-29 21:47:43,346 [INFO] CodeEngine:239 - oldGeneratedFile, E:\Microcontroller\lab4_microcontroller\lab4_SCH\MXTmpFiles\license.tmp_save
2023-11-29 21:47:43,385 [INFO] CodeEngine:257 - Generated code: E:\Microcontroller\lab4_microcontroller\lab4_SCH\MXTmpFiles\license.tmp
2023-11-29 21:47:43,393 [INFO] CodeEngine:239 - oldGeneratedFile, E:\Microcontroller\lab4_microcontroller\lab4_SCH\MXTmpFiles\gpio.tmp_save
2023-11-29 21:47:43,435 [INFO] CodeEngine:257 - Generated code: E:\Microcontroller\lab4_microcontroller\lab4_SCH\MXTmpFiles\gpio.tmp
2023-11-29 21:47:43,542 [INFO] CodeEngine:239 - oldGeneratedFile, E:\Microcontroller\lab4_microcontroller\lab4_SCH\Core\Src\stm32f1xx_it.c_save
2023-11-29 21:47:43,607 [INFO] CodeEngine:257 - Generated code: E:\Microcontroller\lab4_microcontroller\lab4_SCH\Core\Src\stm32f1xx_it.c
2023-11-29 21:47:43,609 [INFO] CodeEngine:239 - oldGeneratedFile, E:\Microcontroller\lab4_microcontroller\lab4_SCH\Core\Inc\stm32f1xx_it.h_save
2023-11-29 21:47:43,658 [INFO] CodeEngine:257 - Generated code: E:\Microcontroller\lab4_microcontroller\lab4_SCH\Core\Inc\stm32f1xx_it.h
2023-11-29 21:47:43,669 [INFO] CodeEngine:239 - oldGeneratedFile, E:\Microcontroller\lab4_microcontroller\lab4_SCH\Core\Src\stm32f1xx_hal_msp.c_save
2023-11-29 21:47:43,745 [INFO] CodeEngine:257 - Generated code: E:\Microcontroller\lab4_microcontroller\lab4_SCH\Core\Src\stm32f1xx_hal_msp.c
2023-11-29 21:47:43,746 [INFO] CodeEngine:239 - oldGeneratedFile, E:\Microcontroller\lab4_microcontroller\lab4_SCH\MXTmpFiles\system.tmp_save
2023-11-29 21:47:43,783 [INFO] CodeEngine:257 - Generated code: E:\Microcontroller\lab4_microcontroller\lab4_SCH\MXTmpFiles\system.tmp
2023-11-29 21:47:43,797 [INFO] CodeEngine:239 - oldGeneratedFile, E:\Microcontroller\lab4_microcontroller\lab4_SCH\Core\Inc\stm32f1xx_hal_conf.h_save
2023-11-29 21:47:43,856 [INFO] CodeEngine:257 - Generated code: E:\Microcontroller\lab4_microcontroller\lab4_SCH\Core\Inc\stm32f1xx_hal_conf.h
2023-11-29 21:47:43,871 [WARN] IPConfigManager:3148 - IP not found : TIM
2023-11-29 21:47:43,872 [WARN] CodeGenerator:3268 - IP not found : null
2023-11-29 21:47:43,880 [INFO] CodeEngine:239 - oldGeneratedFile, E:\Microcontroller\lab4_microcontroller\lab4_SCH\Core\Inc\main.h_save
2023-11-29 21:47:43,927 [INFO] CodeEngine:257 - Generated code: E:\Microcontroller\lab4_microcontroller\lab4_SCH\Core\Inc\main.h
2023-11-29 21:47:43,935 [INFO] CodeEngine:239 - oldGeneratedFile, E:\Microcontroller\lab4_microcontroller\lab4_SCH\Core\Src\main.c_save
2023-11-29 21:47:44,012 [INFO] CodeEngine:257 - Generated code: E:\Microcontroller\lab4_microcontroller\lab4_SCH\Core\Src\main.c
2023-11-29 21:47:44,616 [INFO] ProjectBuilder:2578 - Time for Copy HAL[1] : 52mS.
2023-11-29 21:47:44,618 [INFO] ProjectBuilder:3622 - Project Generator version: 3.14.1
2023-11-29 21:47:45,244 [INFO] ConfigFileManager:1271 - The Die is : DIE412
2023-11-29 21:47:46,667 [INFO] ProjectBuilder:3789 - Time for Generating toolchain IDE Files: 2049mS.
2023-11-29 21:47:46,668 [INFO] ProjectBuilder:2457 - Time for Copy CMSIS : 0mS.
2023-11-29 21:47:46,669 [INFO] ProjectBuilder:2457 - Time for Copy CMSIS : 0mS.
2023-11-29 22:53:00,686 [INFO] MainUpdater:2671 - connection check result : 10
2023-11-29 22:53:00,792 [INFO] McuFinderGlobals:52 - Set McuFinderConnectedMode to false
2023-11-29 22:53:00,840 [INFO] CrossSelectorPresenter:1330 - Cross Selector saved comparison directory: C:\Users\DELL\.stmcufinder\plugins\mcufinder\mcu\cs_comparisons_mx
2023-11-29 22:53:00,841 [INFO] MultiScanPanel:197 - Auto-refresh data requested => check proxy status ongoing
2023-11-29 22:53:00,842 [INFO] MultiScanPanel:201 - Proxy status is invalid
2023-11-29 22:53:00,842 [INFO] FinderPluginLoader:87 - Searching for filters in installed packs
2023-11-29 22:53:01,187 [INFO] DetailPanel:309 - Set advertising image to C:/Users/DELL/STM32Cube/Repository/\en.prom-stm32wl3-mcu-finder.jpg
2023-11-29 22:53:18,939 [INFO] McuFinderGlobals:52 - Set McuFinderConnectedMode to true
2023-11-29 22:53:18,942 [INFO] ApiDb:276 - Save user favorites file C:\Users\DELL/.stm32cubeide/favorites.mcus.txt: 0 item(s)
2023-11-29 22:53:18,942 [INFO] ApiDb:280 - User favorites MCUs=[]
2023-11-29 23:13:32,479 [INFO] Gpio:254 - dependency for GPIO []
2023-11-29 23:14:05,945 [INFO] UtilMem:74 - End SaveConfig() Used Memory: 864619184 Bytes (1073741824)
2023-11-29 23:14:06,935 [INFO] UtilMem:74 - End SaveConfig() Used Memory: 882971312 Bytes (1073741824)
2023-11-29 23:14:08,926 [INFO] UtilMem:74 - End SaveConfig() Used Memory: 875105568 Bytes (1073741824)
2023-11-29 23:14:09,402 [INFO] BlockDiagram:2740 - set Specific Code input for plugin: NVIC
2023-11-29 23:14:09,403 [INFO] BlockDiagram:2740 - set Specific Code input for plugin: SYS
2023-11-29 23:14:09,403 [INFO] BlockDiagram:2740 - set Specific Code input for plugin: GPIO
2023-11-29 23:14:09,403 [INFO] BlockDiagram:2740 - set Specific Code input for plugin: RCC
2023-11-29 23:14:09,403 [INFO] BlockDiagram:2740 - set Specific Code input for plugin: TIM1_8F1
2023-11-29 23:14:09,404 [INFO] CodeGenerator:663 - code generatio: config db path: E:\STM32\STM32CubeIDE_1.7.0\STM32CubeIDE\plugins\com.st.stm32cube.common.mx_6.3.0.202107141111\\db\
2023-11-29 23:14:09,806 [INFO] CodeEngine:239 - oldGeneratedFile, E:\Microcontroller\lab4_microcontroller\lab4_SCH\MXTmpFiles\license.tmp_save
2023-11-29 23:14:09,980 [INFO] CodeEngine:257 - Generated code: E:\Microcontroller\lab4_microcontroller\lab4_SCH\MXTmpFiles\license.tmp
2023-11-29 23:14:10,000 [INFO] CodeEngine:239 - oldGeneratedFile, E:\Microcontroller\lab4_microcontroller\lab4_SCH\MXTmpFiles\gpio.tmp_save
2023-11-29 23:14:10,123 [INFO] CodeEngine:257 - Generated code: E:\Microcontroller\lab4_microcontroller\lab4_SCH\MXTmpFiles\gpio.tmp
2023-11-29 23:14:10,259 [INFO] CodeEngine:239 - oldGeneratedFile, E:\Microcontroller\lab4_microcontroller\lab4_SCH\Core\Src\stm32f1xx_it.c_save
2023-11-29 23:14:10,405 [INFO] CodeEngine:257 - Generated code: E:\Microcontroller\lab4_microcontroller\lab4_SCH\Core\Src\stm32f1xx_it.c
2023-11-29 23:14:10,419 [INFO] CodeEngine:239 - oldGeneratedFile, E:\Microcontroller\lab4_microcontroller\lab4_SCH\Core\Inc\stm32f1xx_it.h_save
2023-11-29 23:14:10,501 [INFO] CodeEngine:257 - Generated code: E:\Microcontroller\lab4_microcontroller\lab4_SCH\Core\Inc\stm32f1xx_it.h
2023-11-29 23:14:10,521 [INFO] CodeEngine:239 - oldGeneratedFile, E:\Microcontroller\lab4_microcontroller\lab4_SCH\Core\Src\stm32f1xx_hal_msp.c_save
2023-11-29 23:14:10,663 [INFO] CodeEngine:257 - Generated code: E:\Microcontroller\lab4_microcontroller\lab4_SCH\Core\Src\stm32f1xx_hal_msp.c
2023-11-29 23:14:10,665 [INFO] CodeEngine:239 - oldGeneratedFile, E:\Microcontroller\lab4_microcontroller\lab4_SCH\MXTmpFiles\system.tmp_save
2023-11-29 23:14:10,720 [INFO] CodeEngine:257 - Generated code: E:\Microcontroller\lab4_microcontroller\lab4_SCH\MXTmpFiles\system.tmp
2023-11-29 23:14:10,732 [INFO] CodeEngine:239 - oldGeneratedFile, E:\Microcontroller\lab4_microcontroller\lab4_SCH\Core\Inc\stm32f1xx_hal_conf.h_save
2023-11-29 23:14:10,835 [INFO] CodeEngine:257 - Generated code: E:\Microcontroller\lab4_microcontroller\lab4_SCH\Core\Inc\stm32f1xx_hal_conf.h
2023-11-29 23:14:10,866 [WARN] IPConfigManager:3148 - IP not found : TIM
2023-11-29 23:14:10,866 [WARN] CodeGenerator:3268 - IP not found : null
2023-11-29 23:14:10,881 [INFO] CodeEngine:239 - oldGeneratedFile, E:\Microcontroller\lab4_microcontroller\lab4_SCH\Core\Inc\main.h_save
2023-11-29 23:14:10,995 [INFO] CodeEngine:257 - Generated code: E:\Microcontroller\lab4_microcontroller\lab4_SCH\Core\Inc\main.h
2023-11-29 23:14:11,006 [INFO] CodeEngine:239 - oldGeneratedFile, E:\Microcontroller\lab4_microcontroller\lab4_SCH\Core\Src\main.c_save
2023-11-29 23:14:11,127 [INFO] CodeEngine:257 - Generated code: E:\Microcontroller\lab4_microcontroller\lab4_SCH\Core\Src\main.c
2023-11-29 23:14:12,032 [INFO] ProjectBuilder:2578 - Time for Copy HAL[1] : 49mS.
2023-11-29 23:14:12,037 [INFO] ProjectBuilder:3622 - Project Generator version: 3.14.1
2023-11-29 23:14:12,925 [INFO] ConfigFileManager:1271 - The Die is : DIE412
2023-11-29 23:14:14,935 [INFO] ProjectBuilder:3789 - Time for Generating toolchain IDE Files: 2898mS.
2023-11-29 23:14:14,935 [INFO] ProjectBuilder:2457 - Time for Copy CMSIS : 0mS.
2023-11-29 23:14:14,936 [INFO] ProjectBuilder:2457 - Time for Copy CMSIS : 0mS.
